# JRE version: OpenJDK Runtime Environment Temurin-17.0.13+11 (17.0.13+11) (build 17.0.13+11)
# Java VM: OpenJDK 64-Bit Server VM Temurin-17.0.13+11 (17.0.13+11, mixed mode, sharing, tiered, compressed oops, compressed class ptrs, g1 gc, windows-amd64)
GC Precious Log:
 CPUs: 8 total, 8 available
 Memory: 8114M
 Large Page Support: Disabled
 NUMA Support: Disabled
 Compressed Oops: Enabled (32-bit)
 Heap Region Size: 1M
 Heap Min Capacity: 8M
 Heap Initial Capacity: 128M
 Heap Max Capacity: 2030M
 Pre-touch: Disabled
 Parallel Workers: 8
 Concurrent Workers: 2
 Concurrent Refinement Workers: 8
 Periodic GC: Disabled
Heap:
 garbage-first heap   total 143360K, used 72212K [0x0000000081200000, 0x0000000100000000)
  region size 1024K, 34 young (34816K), 1 survivors (1024K)
 Metaspace       used 47958K, committed 48512K, reserved 1114112K
  class space    used 5685K, committed 5952K, reserved 1048576K
GC Heap History (20 events):
Event: 140.895 GC heap before
{Heap before GC invocations=50 (full 0):
 garbage-first heap   total 163840K, used 47745K [0x0000000081200000, 0x0000000100000000)
  region size 1024K, 8 young (8192K), 3 survivors (3072K)
 Metaspace       used 40165K, committed 40576K, reserved 1114112K
  class space    used 4729K, committed 4928K, reserved 1048576K
}
Event: 140.898 GC heap after
{Heap after GC invocations=51 (full 0):
 garbage-first heap   total 163840K, used 44766K [0x0000000081200000, 0x0000000100000000)
  region size 1024K, 1 young (1024K), 1 survivors (1024K)
 Metaspace       used 40165K, committed 40576K, reserved 1114112K
  class space    used 4729K, committed 4928K, reserved 1048576K
}
Event: 141.614 GC heap before
{Heap before GC invocations=51 (full 0):
 garbage-first heap   total 163840K, used 45790K [0x0000000081200000, 0x0000000100000000)
  region size 1024K, 4 young (4096K), 1 survivors (1024K)
 Metaspace       used 40165K, committed 40576K, reserved 1114112K
  class space    used 4729K, committed 4928K, reserved 1048576K
}
Event: 141.615 GC heap after
{Heap after GC invocations=52 (full 0):
 garbage-first heap   total 163840K, used 45067K [0x0000000081200000, 0x0000000100000000)
  region size 1024K, 2 young (2048K), 2 survivors (2048K)
 Metaspace       used 40165K, committed 40576K, reserved 1114112K
  class space    used 4729K, committed 4928K, reserved 1048576K
}
Event: 145.853 GC heap before
{Heap before GC invocations=53 (full 0):
 garbage-first heap   total 163840K, used 143371K [0x0000000081200000, 0x0000000100000000)
  region size 1024K, 90 young (92160K), 2 survivors (2048K)
 Metaspace       used 40166K, committed 40576K, reserved 1114112K
  class space    used 4729K, committed 4928K, reserved 1048576K
}
Event: 145.854 GC heap after
{Heap after GC invocations=54 (full 0):
 garbage-first heap   total 163840K, used 44160K [0x0000000081200000, 0x0000000100000000)
  region size 1024K, 2 young (2048K), 2 survivors (2048K)
 Metaspace       used 40166K, committed 40576K, reserved 1114112K
  class space    used 4729K, committed 4928K, reserved 1048576K
}
Event: 146.222 GC heap before
{Heap before GC invocations=54 (full 0):
 garbage-first heap   total 163840K, used 49280K [0x0000000081200000, 0x0000000100000000)
  region size 1024K, 8 young (8192K), 2 survivors (2048K)
 Metaspace       used 40166K, committed 40576K, reserved 1114112K
  class space    used 4729K, committed 4928K, reserved 1048576K
}
Event: 146.225 GC heap after
{Heap after GC invocations=55 (full 0):
 garbage-first heap   total 163840K, used 45009K [0x0000000081200000, 0x0000000100000000)
  region size 1024K, 1 young (1024K), 1 survivors (1024K)
 Metaspace       used 40166K, committed 40576K, reserved 1114112K
  class space    used 4729K, committed 4928K, reserved 1048576K
}
Event: 155.936 GC heap before
{Heap before GC invocations=55 (full 0):
 garbage-first heap   total 163840K, used 100305K [0x0000000081200000, 0x0000000100000000)
  region size 1024K, 57 young (58368K), 1 survivors (1024K)
 Metaspace       used 40167K, committed 40576K, reserved 1114112K
  class space    used 4729K, committed 4928K, reserved 1048576K
}
Event: 155.939 GC heap after
{Heap after GC invocations=56 (full 0):
 garbage-first heap   total 163840K, used 44697K [0x0000000081200000, 0x0000000100000000)
  region size 1024K, 1 young (1024K), 1 survivors (1024K)
 Metaspace       used 40167K, committed 40576K, reserved 1114112K
  class space    used 4729K, committed 4928K, reserved 1048576K
}
Event: 172.571 GC heap before
{Heap before GC invocations=57 (full 0):
 garbage-first heap   total 163840K, used 137881K [0x0000000081200000, 0x0000000100000000)
  region size 1024K, 93 young (95232K), 1 survivors (1024K)
 Metaspace       used 40401K, committed 40896K, reserved 1114112K
  class space    used 4768K, committed 4992K, reserved 1048576K
}
Event: 172.572 GC heap after
{Heap after GC invocations=58 (full 0):
 garbage-first heap   total 163840K, used 42350K [0x0000000081200000, 0x0000000100000000)
  region size 1024K, 1 young (1024K), 1 survivors (1024K)
 Metaspace       used 40401K, committed 40896K, reserved 1114112K
  class space    used 4768K, committed 4992K, reserved 1048576K
}
Event: 173.443 GC heap before
{Heap before GC invocations=58 (full 0):
 garbage-first heap   total 163840K, used 49518K [0x0000000081200000, 0x0000000100000000)
  region size 1024K, 8 young (8192K), 1 survivors (1024K)
 Metaspace       used 40401K, committed 40896K, reserved 1114112K
  class space    used 4768K, committed 4992K, reserved 1048576K
}
Event: 173.445 GC heap after
{Heap after GC invocations=59 (full 0):
 garbage-first heap   total 163840K, used 41420K [0x0000000081200000, 0x0000000100000000)
  region size 1024K, 1 young (1024K), 1 survivors (1024K)
 Metaspace       used 40401K, committed 40896K, reserved 1114112K
  class space    used 4768K, committed 4992K, reserved 1048576K
}
Event: 186.521 GC heap before
{Heap before GC invocations=59 (full 0):
 garbage-first heap   total 163840K, used 138700K [0x0000000081200000, 0x0000000100000000)
  region size 1024K, 96 young (98304K), 1 survivors (1024K)
 Metaspace       used 40403K, committed 40896K, reserved 1114112K
  class space    used 4768K, committed 4992K, reserved 1048576K
}
Event: 186.523 GC heap after
{Heap after GC invocations=60 (full 0):
 garbage-first heap   total 163840K, used 41409K [0x0000000081200000, 0x0000000100000000)
  region size 1024K, 1 young (1024K), 1 survivors (1024K)
 Metaspace       used 40403K, committed 40896K, reserved 1114112K
  class space    used 4768K, committed 4992K, reserved 1048576K
}
Event: 193.378 GC heap before
{Heap before GC invocations=61 (full 0):
 garbage-first heap   total 143360K, used 137631K [0x0000000081200000, 0x0000000100000000)
  region size 1024K, 96 young (98304K), 1 survivors (1024K)
 Metaspace       used 46798K, committed 47296K, reserved 1114112K
  class space    used 5586K, committed 5824K, reserved 1048576K
}
Event: 193.381 GC heap after
{Heap after GC invocations=62 (full 0):
 garbage-first heap   total 143360K, used 44417K [0x0000000081200000, 0x0000000100000000)
  region size 1024K, 4 young (4096K), 4 survivors (4096K)
 Metaspace       used 46798K, committed 47296K, reserved 1114112K
  class space    used 5586K, committed 5824K, reserved 1048576K
}
Event: 193.418 GC heap before
{Heap before GC invocations=62 (full 0):
 garbage-first heap   total 143360K, used 46465K [0x0000000081200000, 0x0000000100000000)
  region size 1024K, 7 young (7168K), 4 survivors (4096K)
 Metaspace       used 46798K, committed 47296K, reserved 1114112K
  class space    used 5586K, committed 5824K, reserved 1048576K
}
Event: 193.421 GC heap after
{Heap after GC invocations=63 (full 0):
 garbage-first heap   total 143360K, used 40468K [0x0000000081200000, 0x0000000100000000)
  region size 1024K, 1 young (1024K), 1 survivors (1024K)
 Metaspace       used 46798K, committed 47296K, reserved 1114112K
  class space    used 5586K, committed 5824K, reserved 1048576K
}

