{
  "numTotalTestSuites": 442,
  "numPassedTestSuites": 392,
  "numFailedTestSuites": 50,
  "numPendingTestSuites": 0,
  "numTotalTests": 1139,
  "numPassedTests": 1087,
  "numFailedTests": 52,
  "numPendingTests": 0,
  "numTodoTests": 0,
  "snapshot": {
    "added": 0,
    "failure": false,
    "filesAdded": 0,
    "filesRemoved": 0,
    "filesRemovedList": [],
    "filesUnmatched": 0,
    "filesUpdated": 0,
    "matched": 0,
    "total": 0,
    "unchecked": 0,
    "uncheckedKeysByFile": [],
    "unmatched": 0,
    "updated": 0,
    "didUpdate": false
  },
  "startTime": 1765588433806,
  "success": false,
  "testResults": [
    {
      "assertionResults": [
        {
          "ancestorTitles": ["Error utilities", "getErrorMessage"],
          "fullName": "Error utilities getErrorMessage should extract message from Error object",
          "status": "passed",
          "title": "should extract message from Error object",
          "duration": 1.2096999999998843,
          "failureMessages": [],
          "meta": {}
        },
        {
          "ancestorTitles": ["Error utilities", "getErrorMessage"],
          "fullName": "Error utilities getErrorMessage should return string error as is",
          "status": "passed",
          "title": "should return string error as is",
          "duration": 0.2480000000000473,
          "failureMessages": [],
          "meta": {}
        },
        {
          "ancestorTitles": ["Error utilities", "getErrorMessage"],
          "fullName": "Error utilities getErrorMessage should extract message from object with message property",
          "status": "passed",
          "title": "should extract message from object with message property",
          "duration": 0.2510000000002037,
          "failureMessages": [],
          "meta": {}
        },
        {
          "ancestorTitles": ["Error utilities", "getErrorMessage"],
          "fullName": "Error utilities getErrorMessage should return default message for unknown error",
          "status": "passed",
          "title": "should return default message for unknown error",
          "duration": 0.44030000000020664,
          "failureMessages": [],
          "meta": {}
        },
        {
          "ancestorTitles": ["Error utilities", "isError"],
          "fullName": "Error utilities isError should return true for Error objects",
          "status": "passed",
          "title": "should return true for Error objects",
          "duration": 0.2761000000000422,
          "failureMessages": [],
          "meta": {}
        },
        {
          "ancestorTitles": ["Error utilities", "isError"],
          "fullName": "Error utilities isError should return false for non-Error values",
          "status": "passed",
          "title": "should return false for non-Error values",
          "duration": 0.4368000000004031,
          "failureMessages": [],
          "meta": {}
        }
      ],
      "startTime": 1765588515592,
      "endTime": 1765588515595.4368,
      "status": "passed",
      "message": "",
      "name": "C:/Users/ohyus/talent/src/__tests__/lib/error.test.ts"
    },
    {
      "assertionResults": [
        {
          "ancestorTitles": ["useLoadingStates", "initialization"],
          "fullName": "useLoadingStates initialization should initialize with provided states",
          "status": "passed",
          "title": "should initialize with provided states",
          "duration": 30.41060000000016,
          "failureMessages": [],
          "meta": {}
        },
        {
          "ancestorTitles": ["useLoadingStates", "initialization"],
          "fullName": "useLoadingStates initialization should initialize with all true states",
          "status": "passed",
          "title": "should initialize with all true states",
          "duration": 3.5920999999998457,
          "failureMessages": [],
          "meta": {}
        },
        {
          "ancestorTitles": ["useLoadingStates", "setLoading"],
          "fullName": "useLoadingStates setLoading should set a specific state to true",
          "status": "passed",
          "title": "should set a specific state to true",
          "duration": 5.012899999999718,
          "failureMessages": [],
          "meta": {}
        },
        {
          "ancestorTitles": ["useLoadingStates", "setLoading"],
          "fullName": "useLoadingStates setLoading should set a specific state to false",
          "status": "passed",
          "title": "should set a specific state to false",
          "duration": 4.100199999999859,
          "failureMessages": [],
          "meta": {}
        },
        {
          "ancestorTitles": ["useLoadingStates", "setLoading"],
          "fullName": "useLoadingStates setLoading should allow multiple state changes",
          "status": "passed",
          "title": "should allow multiple state changes",
          "duration": 3.8708999999998923,
          "failureMessages": [],
          "meta": {}
        },
        {
          "ancestorTitles": ["useLoadingStates", "withLoading"],
          "fullName": "useLoadingStates withLoading should set loading false after function execution",
          "status": "passed",
          "title": "should set loading false after function execution",
          "duration": 9.164600000000064,
          "failureMessages": [],
          "meta": {}
        },
        {
          "ancestorTitles": ["useLoadingStates", "withLoading"],
          "fullName": "useLoadingStates withLoading should return the function result",
          "status": "passed",
          "title": "should return the function result",
          "duration": 2.863800000000083,
          "failureMessages": [],
          "meta": {}
        },
        {
          "ancestorTitles": ["useLoadingStates", "withLoading"],
          "fullName": "useLoadingStates withLoading should set loading false even if function throws",
          "status": "passed",
          "title": "should set loading false even if function throws",
          "duration": 7.9921000000003914,
          "failureMessages": [],
          "meta": {}
        },
        {
          "ancestorTitles": ["useLoadingStates", "withLoading"],
          "fullName": "useLoadingStates withLoading should work with async functions",
          "status": "passed",
          "title": "should work with async functions",
          "duration": 44.15859999999975,
          "failureMessages": [],
          "meta": {}
        },
        {
          "ancestorTitles": ["useLoadingStates", "resetAll"],
          "fullName": "useLoadingStates resetAll should reset all states to initial values",
          "status": "passed",
          "title": "should reset all states to initial values",
          "duration": 3.469000000000051,
          "failureMessages": [],
          "meta": {}
        },
        {
          "ancestorTitles": ["useLoadingStates", "reset"],
          "fullName": "useLoadingStates reset should reset only the specified state",
          "status": "passed",
          "title": "should reset only the specified state",
          "duration": 2.586500000000342,
          "failureMessages": [],
          "meta": {}
        }
      ],
      "startTime": 1765588480637,
      "endTime": 1765588480755.5864,
      "status": "passed",
      "message": "",
      "name": "C:/Users/ohyus/talent/src/__tests__/unit/hooks/useLoadingStates.test.ts"
    },
    {
      "assertionResults": [
        {
          "ancestorTitles": ["usePasswordValidation", "minLength validation"],
          "fullName": "usePasswordValidation minLength validation should fail when password is less than 8 characters",
          "status": "passed",
          "title": "should fail when password is less than 8 characters",
          "duration": 30.326500000000124,
          "failureMessages": [],
          "meta": {}
        },
        {
          "ancestorTitles": ["usePasswordValidation", "minLength validation"],
          "fullName": "usePasswordValidation minLength validation should pass when password is exactly 8 characters",
          "status": "passed",
          "title": "should pass when password is exactly 8 characters",
          "duration": 3.571999999999207,
          "failureMessages": [],
          "meta": {}
        },
        {
          "ancestorTitles": ["usePasswordValidation", "minLength validation"],
          "fullName": "usePasswordValidation minLength validation should pass when password is more than 8 characters",
          "status": "passed",
          "title": "should pass when password is more than 8 characters",
          "duration": 3.0862999999999374,
          "failureMessages": [],
          "meta": {}
        },
        {
          "ancestorTitles": ["usePasswordValidation", "hasLetter validation"],
          "fullName": "usePasswordValidation hasLetter validation should fail when password has no letters",
          "status": "passed",
          "title": "should fail when password has no letters",
          "duration": 3.928100000000086,
          "failureMessages": [],
          "meta": {}
        },
        {
          "ancestorTitles": ["usePasswordValidation", "hasLetter validation"],
          "fullName": "usePasswordValidation hasLetter validation should pass when password has lowercase letters",
          "status": "passed",
          "title": "should pass when password has lowercase letters",
          "duration": 3.7884000000003653,
          "failureMessages": [],
          "meta": {}
        },
        {
          "ancestorTitles": ["usePasswordValidation", "hasLetter validation"],
          "fullName": "usePasswordValidation hasLetter validation should pass when password has uppercase letters",
          "status": "passed",
          "title": "should pass when password has uppercase letters",
          "duration": 3.6333000000004176,
          "failureMessages": [],
          "meta": {}
        },
        {
          "ancestorTitles": ["usePasswordValidation", "hasLetter validation"],
          "fullName": "usePasswordValidation hasLetter validation should pass when password has mixed case letters",
          "status": "passed",
          "title": "should pass when password has mixed case letters",
          "duration": 3.5806000000002314,
          "failureMessages": [],
          "meta": {}
        },
        {
          "ancestorTitles": ["usePasswordValidation", "hasNumber validation"],
          "fullName": "usePasswordValidation hasNumber validation should fail when password has no numbers",
          "status": "passed",
          "title": "should fail when password has no numbers",
          "duration": 2.483499999999367,
          "failureMessages": [],
          "meta": {}
        },
        {
          "ancestorTitles": ["usePasswordValidation", "hasNumber validation"],
          "fullName": "usePasswordValidation hasNumber validation should pass when password has numbers",
          "status": "passed",
          "title": "should pass when password has numbers",
          "duration": 3.8195999999998094,
          "failureMessages": [],
          "meta": {}
        },
        {
          "ancestorTitles": ["usePasswordValidation", "hasSpecial validation"],
          "fullName": "usePasswordValidation hasSpecial validation should fail when password has no special characters",
          "status": "passed",
          "title": "should fail when password has no special characters",
          "duration": 4.436099999999897,
          "failureMessages": [],
          "meta": {}
        },
        {
          "ancestorTitles": ["usePasswordValidation", "hasSpecial validation"],
          "fullName": "usePasswordValidation hasSpecial validation should pass with ! character",
          "status": "passed",
          "title": "should pass with ! character",
          "duration": 2.0318000000006577,
          "failureMessages": [],
          "meta": {}
        },
        {
          "ancestorTitles": ["usePasswordValidation", "hasSpecial validation"],
          "fullName": "usePasswordValidation hasSpecial validation should pass with @ character",
          "status": "passed",
          "title": "should pass with @ character",
          "duration": 1.936000000000604,
          "failureMessages": [],
          "meta": {}
        },
        {
          "ancestorTitles": ["usePasswordValidation", "hasSpecial validation"],
          "fullName": "usePasswordValidation hasSpecial validation should pass with # character",
          "status": "passed",
          "title": "should pass with # character",
          "duration": 2.496100000000297,
          "failureMessages": [],
          "meta": {}
        },
        {
          "ancestorTitles": ["usePasswordValidation", "hasSpecial validation"],
          "fullName": "usePasswordValidation hasSpecial validation should pass with various special characters",
          "status": "passed",
          "title": "should pass with various special characters",
          "duration": 48.11360000000059,
          "failureMessages": [],
          "meta": {}
        },
        {
          "ancestorTitles": ["usePasswordValidation", "isPasswordValid"],
          "fullName": "usePasswordValidation isPasswordValid should be false when empty password",
          "status": "passed",
          "title": "should be false when empty password",
          "duration": 3.3344999999999345,
          "failureMessages": [],
          "meta": {}
        },
        {
          "ancestorTitles": ["usePasswordValidation", "isPasswordValid"],
          "fullName": "usePasswordValidation isPasswordValid should be false when only meeting some criteria",
          "status": "passed",
          "title": "should be false when only meeting some criteria",
          "duration": 2.7505999999993946,
          "failureMessages": [],
          "meta": {}
        },
        {
          "ancestorTitles": ["usePasswordValidation", "isPasswordValid"],
          "fullName": "usePasswordValidation isPasswordValid should be true when all criteria are met",
          "status": "passed",
          "title": "should be true when all criteria are met",
          "duration": 2.4266999999999825,
          "failureMessages": [],
          "meta": {}
        },
        {
          "ancestorTitles": ["usePasswordValidation", "isPasswordValid"],
          "fullName": "usePasswordValidation isPasswordValid should be true for complex valid password",
          "status": "passed",
          "title": "should be true for complex valid password",
          "duration": 1.6052000000008775,
          "failureMessages": [],
          "meta": {}
        },
        {
          "ancestorTitles": ["usePasswordValidation", "reactivity"],
          "fullName": "usePasswordValidation reactivity should update when password changes",
          "status": "passed",
          "title": "should update when password changes",
          "duration": 8.085300000000643,
          "failureMessages": [],
          "meta": {}
        }
      ],
      "startTime": 1765588476037,
      "endTime": 1765588476175.0852,
      "status": "passed",
      "message": "",
      "name": "C:/Users/ohyus/talent/src/__tests__/unit/hooks/usePasswordValidation.test.ts"
    },
    {
      "assertionResults": [
        {
          "ancestorTitles": ["useRateLimiting", "initialization"],
          "fullName": "useRateLimiting initialization should initialize with 0 attempts",
          "status": "passed",
          "title": "should initialize with 0 attempts",
          "duration": 35.65239999999994,
          "failureMessages": [],
          "meta": {}
        },
        {
          "ancestorTitles": ["useRateLimiting", "incrementAttempts"],
          "fullName": "useRateLimiting incrementAttempts should increment attempts count",
          "status": "passed",
          "title": "should increment attempts count",
          "duration": 5.686399999999594,
          "failureMessages": [],
          "meta": {}
        },
        {
          "ancestorTitles": ["useRateLimiting", "incrementAttempts"],
          "fullName": "useRateLimiting incrementAttempts should increment attempts multiple times sequentially",
          "status": "passed",
          "title": "should increment attempts multiple times sequentially",
          "duration": 5.776899999999841,
          "failureMessages": [],
          "meta": {}
        },
        {
          "ancestorTitles": ["useRateLimiting", "incrementAttempts"],
          "fullName": "useRateLimiting incrementAttempts should lock out after max attempts",
          "status": "passed",
          "title": "should lock out after max attempts",
          "duration": 12.67699999999968,
          "failureMessages": [],
          "meta": {}
        },
        {
          "ancestorTitles": ["useRateLimiting", "resetAttempts"],
          "fullName": "useRateLimiting resetAttempts should reset attempts to zero",
          "status": "passed",
          "title": "should reset attempts to zero",
          "duration": 7.570300000000316,
          "failureMessages": [],
          "meta": {}
        },
        {
          "ancestorTitles": ["useRateLimiting", "remainingSeconds"],
          "fullName": "useRateLimiting remainingSeconds should return 0 when not locked out",
          "status": "passed",
          "title": "should return 0 when not locked out",
          "duration": 3.0456999999996697,
          "failureMessages": [],
          "meta": {}
        }
      ],
      "startTime": 1765588481445,
      "endTime": 1765588481516.0457,
      "status": "passed",
      "message": "",
      "name": "C:/Users/ohyus/talent/src/__tests__/unit/hooks/useRateLimiting.test.ts"
    },
    {
      "assertionResults": [
        {
          "ancestorTitles": ["useYoutubeThumbnail", "initialization"],
          "fullName": "useYoutubeThumbnail initialization should initialize with empty videoId and not loading",
          "status": "passed",
          "title": "should initialize with empty videoId and not loading",
          "duration": 31.7479000000003,
          "failureMessages": [],
          "meta": {}
        },
        {
          "ancestorTitles": ["useYoutubeThumbnail", "extractVideoId"],
          "fullName": "useYoutubeThumbnail extractVideoId should extract video ID from standard YouTube URL",
          "status": "passed",
          "title": "should extract video ID from standard YouTube URL",
          "duration": 3.649899999999434,
          "failureMessages": [],
          "meta": {}
        },
        {
          "ancestorTitles": ["useYoutubeThumbnail", "extractVideoId"],
          "fullName": "useYoutubeThumbnail extractVideoId should extract video ID from short YouTube URL",
          "status": "passed",
          "title": "should extract video ID from short YouTube URL",
          "duration": 4.374399999999696,
          "failureMessages": [],
          "meta": {}
        },
        {
          "ancestorTitles": ["useYoutubeThumbnail", "extractVideoId"],
          "fullName": "useYoutubeThumbnail extractVideoId should extract video ID from embed URL",
          "status": "passed",
          "title": "should extract video ID from embed URL",
          "duration": 15.072199999999611,
          "failureMessages": [],
          "meta": {}
        },
        {
          "ancestorTitles": ["useYoutubeThumbnail", "extractVideoId"],
          "fullName": "useYoutubeThumbnail extractVideoId should return null for invalid URL",
          "status": "passed",
          "title": "should return null for invalid URL",
          "duration": 10.010600000000522,
          "failureMessages": [],
          "meta": {}
        },
        {
          "ancestorTitles": ["useYoutubeThumbnail", "fetchThumbnail"],
          "fullName": "useYoutubeThumbnail fetchThumbnail should return null for empty URL",
          "status": "passed",
          "title": "should return null for empty URL",
          "duration": 6.574500000000626,
          "failureMessages": [],
          "meta": {}
        },
        {
          "ancestorTitles": ["useYoutubeThumbnail", "fetchThumbnail"],
          "fullName": "useYoutubeThumbnail fetchThumbnail should return null for invalid YouTube URL",
          "status": "passed",
          "title": "should return null for invalid YouTube URL",
          "duration": 3.6890999999995984,
          "failureMessages": [],
          "meta": {}
        },
        {
          "ancestorTitles": ["useYoutubeThumbnail", "fetchThumbnail"],
          "fullName": "useYoutubeThumbnail fetchThumbnail should fetch thumbnail for valid YouTube URL",
          "status": "passed",
          "title": "should fetch thumbnail for valid YouTube URL",
          "duration": 8.253700000000208,
          "failureMessages": [],
          "meta": {}
        },
        {
          "ancestorTitles": ["useYoutubeThumbnail", "resetVideoId"],
          "fullName": "useYoutubeThumbnail resetVideoId should reset videoId to empty string",
          "status": "passed",
          "title": "should reset videoId to empty string",
          "duration": 9.79320000000007,
          "failureMessages": [],
          "meta": {}
        }
      ],
      "startTime": 1765588481059,
      "endTime": 1765588481152.7932,
      "status": "passed",
      "message": "",
      "name": "C:/Users/ohyus/talent/src/__tests__/unit/hooks/useYoutubeThumbnail.test.ts"
    },
    {
      "assertionResults": [
        {
          "ancestorTitles": ["Categories", "getAllCategoriesTree"],
          "fullName": "Categories getAllCategoriesTree should return tree structure of categories",
          "status": "passed",
          "title": "should return tree structure of categories",
          "duration": 5.887899999999718,
          "failureMessages": [],
          "meta": {}
        },
        {
          "ancestorTitles": ["Categories", "getAllCategoriesTree"],
          "fullName": "Categories getAllCategoriesTree should return empty array on error",
          "status": "passed",
          "title": "should return empty array on error",
          "duration": 2.228900000000067,
          "failureMessages": [],
          "meta": {}
        },
        {
          "ancestorTitles": ["Categories", "getTopLevelCategories"],
          "fullName": "Categories getTopLevelCategories should return top level categories",
          "status": "passed",
          "title": "should return top level categories",
          "duration": 1.095299999999952,
          "failureMessages": [],
          "meta": {}
        },
        {
          "ancestorTitles": ["Categories", "getCategoryBySlug"],
          "fullName": "Categories getCategoryBySlug should return category with children",
          "status": "passed",
          "title": "should return category with children",
          "duration": 1.7659999999996217,
          "failureMessages": [],
          "meta": {}
        },
        {
          "ancestorTitles": ["Categories", "getCategoryBySlug"],
          "fullName": "Categories getCategoryBySlug should return null when category not found",
          "status": "passed",
          "title": "should return null when category not found",
          "duration": 0.9296000000003914,
          "failureMessages": [],
          "meta": {}
        },
        {
          "ancestorTitles": ["Categories", "getCategoryPath"],
          "fullName": "Categories getCategoryPath should return category path using RPC",
          "status": "passed",
          "title": "should return category path using RPC",
          "duration": 1.2548999999999069,
          "failureMessages": [],
          "meta": {}
        },
        {
          "ancestorTitles": ["Categories", "getCategoryPath"],
          "fullName": "Categories getCategoryPath should fallback to manual lookup on RPC error",
          "status": "passed",
          "title": "should fallback to manual lookup on RPC error",
          "duration": 1.2298000000000684,
          "failureMessages": [],
          "meta": {}
        }
      ],
      "startTime": 1765588511084,
      "endTime": 1765588511103.2297,
      "status": "passed",
      "message": "",
      "name": "C:/Users/ohyus/talent/src/__tests__/unit/lib/categories.test.ts"
    },
    {
      "assertionResults": [
        {
          "ancestorTitles": ["constants", "AI_TOOLS"],
          "fullName": "constants AI_TOOLS should have IMAGE tools",
          "status": "passed",
          "title": "should have IMAGE tools",
          "duration": 4.2728000000001884,
          "failureMessages": [],
          "meta": {}
        },
        {
          "ancestorTitles": ["constants", "AI_TOOLS"],
          "fullName": "constants AI_TOOLS should have VIDEO tools",
          "status": "passed",
          "title": "should have VIDEO tools",
          "duration": 0.6896999999999025,
          "failureMessages": [],
          "meta": {}
        },
        {
          "ancestorTitles": ["constants", "AI_TOOLS"],
          "fullName": "constants AI_TOOLS should have WRITING tools",
          "status": "passed",
          "title": "should have WRITING tools",
          "duration": 0.778700000000299,
          "failureMessages": [],
          "meta": {}
        },
        {
          "ancestorTitles": ["constants", "AI_TOOLS"],
          "fullName": "constants AI_TOOLS should have CODING tools",
          "status": "passed",
          "title": "should have CODING tools",
          "duration": 0.5574000000001433,
          "failureMessages": [],
          "meta": {}
        },
        {
          "ancestorTitles": ["constants", "AI_TOOLS"],
          "fullName": "constants AI_TOOLS should have AUDIO tools",
          "status": "passed",
          "title": "should have AUDIO tools",
          "duration": 0.43679999999994834,
          "failureMessages": [],
          "meta": {}
        },
        {
          "ancestorTitles": ["constants", "AI_TOOLS"],
          "fullName": "constants AI_TOOLS should have MUSIC tools",
          "status": "passed",
          "title": "should have MUSIC tools",
          "duration": 0.42639999999983047,
          "failureMessages": [],
          "meta": {}
        },
        {
          "ancestorTitles": ["constants", "CATEGORIES"],
          "fullName": "constants CATEGORIES should have at least one category",
          "status": "passed",
          "title": "should have at least one category",
          "duration": 0.291700000000219,
          "failureMessages": [],
          "meta": {}
        },
        {
          "ancestorTitles": ["constants", "CATEGORIES"],
          "fullName": "constants CATEGORIES should have AI and non-AI categories",
          "status": "passed",
          "title": "should have AI and non-AI categories",
          "duration": 0.29910000000018044,
          "failureMessages": [],
          "meta": {}
        },
        {
          "ancestorTitles": ["constants", "CATEGORIES"],
          "fullName": "constants CATEGORIES should have required fields for each category",
          "status": "passed",
          "title": "should have required fields for each category",
          "duration": 1.383600000000115,
          "failureMessages": [],
          "meta": {}
        },
        {
          "ancestorTitles": ["constants", "CATEGORIES"],
          "fullName": "constants CATEGORIES should have AI Image/Design category with children",
          "status": "passed",
          "title": "should have AI Image/Design category with children",
          "duration": 0.4889000000002852,
          "failureMessages": [],
          "meta": {}
        },
        {
          "ancestorTitles": ["constants", "PACKAGE_TYPES"],
          "fullName": "constants PACKAGE_TYPES should have all package types",
          "status": "passed",
          "title": "should have all package types",
          "duration": 0.5588000000002467,
          "failureMessages": [],
          "meta": {}
        },
        {
          "ancestorTitles": ["constants", "ORDER_STATUS"],
          "fullName": "constants ORDER_STATUS should have all order statuses",
          "status": "passed",
          "title": "should have all order statuses",
          "duration": 0.5446000000001732,
          "failureMessages": [],
          "meta": {}
        },
        {
          "ancestorTitles": ["constants", "SERVICE_STATUS"],
          "fullName": "constants SERVICE_STATUS should have all service statuses",
          "status": "passed",
          "title": "should have all service statuses",
          "duration": 0.4544999999998254,
          "failureMessages": [],
          "meta": {}
        }
      ],
      "startTime": 1765588514695,
      "endTime": 1765588514707.4546,
      "status": "passed",
      "message": "",
      "name": "C:/Users/ohyus/talent/src/__tests__/unit/lib/constants.test.ts"
    },
    {
      "assertionResults": [
        {
          "ancestorTitles": ["error utilities", "getErrorMessage"],
          "fullName": "error utilities getErrorMessage should return message from Error instance",
          "status": "passed",
          "title": "should return message from Error instance",
          "duration": 1.6329000000000633,
          "failureMessages": [],
          "meta": {}
        },
        {
          "ancestorTitles": ["error utilities", "getErrorMessage"],
          "fullName": "error utilities getErrorMessage should return string directly if error is a string",
          "status": "passed",
          "title": "should return string directly if error is a string",
          "duration": 0.3039000000003398,
          "failureMessages": [],
          "meta": {}
        },
        {
          "ancestorTitles": ["error utilities", "getErrorMessage"],
          "fullName": "error utilities getErrorMessage should return message from object with message property",
          "status": "passed",
          "title": "should return message from object with message property",
          "duration": 0.34389999999984866,
          "failureMessages": [],
          "meta": {}
        },
        {
          "ancestorTitles": ["error utilities", "getErrorMessage"],
          "fullName": "error utilities getErrorMessage should return default message for null",
          "status": "passed",
          "title": "should return default message for null",
          "duration": 0.2420999999999367,
          "failureMessages": [],
          "meta": {}
        },
        {
          "ancestorTitles": ["error utilities", "getErrorMessage"],
          "fullName": "error utilities getErrorMessage should return default message for undefined",
          "status": "passed",
          "title": "should return default message for undefined",
          "duration": 0.24939999999969586,
          "failureMessages": [],
          "meta": {}
        },
        {
          "ancestorTitles": ["error utilities", "getErrorMessage"],
          "fullName": "error utilities getErrorMessage should return default message for number",
          "status": "passed",
          "title": "should return default message for number",
          "duration": 0.2434000000002925,
          "failureMessages": [],
          "meta": {}
        },
        {
          "ancestorTitles": ["error utilities", "getErrorMessage"],
          "fullName": "error utilities getErrorMessage should return default message for object without message",
          "status": "passed",
          "title": "should return default message for object without message",
          "duration": 0.14330000000018117,
          "failureMessages": [],
          "meta": {}
        },
        {
          "ancestorTitles": ["error utilities", "getErrorMessage"],
          "fullName": "error utilities getErrorMessage should convert non-string message to string",
          "status": "passed",
          "title": "should convert non-string message to string",
          "duration": 0.12879999999995562,
          "failureMessages": [],
          "meta": {}
        },
        {
          "ancestorTitles": ["error utilities", "isError"],
          "fullName": "error utilities isError should return true for Error instance",
          "status": "passed",
          "title": "should return true for Error instance",
          "duration": 0.5087000000003172,
          "failureMessages": [],
          "meta": {}
        },
        {
          "ancestorTitles": ["error utilities", "isError"],
          "fullName": "error utilities isError should return true for TypeError",
          "status": "passed",
          "title": "should return true for TypeError",
          "duration": 0.3568000000000211,
          "failureMessages": [],
          "meta": {}
        },
        {
          "ancestorTitles": ["error utilities", "isError"],
          "fullName": "error utilities isError should return true for custom Error subclass",
          "status": "passed",
          "title": "should return true for custom Error subclass",
          "duration": 0.23569999999972424,
          "failureMessages": [],
          "meta": {}
        },
        {
          "ancestorTitles": ["error utilities", "isError"],
          "fullName": "error utilities isError should return false for string",
          "status": "passed",
          "title": "should return false for string",
          "duration": 0.10390000000006694,
          "failureMessages": [],
          "meta": {}
        },
        {
          "ancestorTitles": ["error utilities", "isError"],
          "fullName": "error utilities isError should return false for object with message",
          "status": "passed",
          "title": "should return false for object with message",
          "duration": 0.1255999999998494,
          "failureMessages": [],
          "meta": {}
        },
        {
          "ancestorTitles": ["error utilities", "isError"],
          "fullName": "error utilities isError should return false for null",
          "status": "passed",
          "title": "should return false for null",
          "duration": 0.09389999999984866,
          "failureMessages": [],
          "meta": {}
        },
        {
          "ancestorTitles": ["error utilities", "isError"],
          "fullName": "error utilities isError should return false for undefined",
          "status": "passed",
          "title": "should return false for undefined",
          "duration": 0.08230000000003201,
          "failureMessages": [],
          "meta": {}
        },
        {
          "ancestorTitles": ["error utilities", "isError"],
          "fullName": "error utilities isError should return false for number",
          "status": "passed",
          "title": "should return false for number",
          "duration": 0.08120000000008076,
          "failureMessages": [],
          "meta": {}
        }
      ],
      "startTime": 1765588515484,
      "endTime": 1765588515489.2356,
      "status": "passed",
      "message": "",
      "name": "C:/Users/ohyus/talent/src/__tests__/unit/lib/error.test.ts"
    },
    {
      "assertionResults": [
        {
          "ancestorTitles": ["Notifications", "createNotification"],
          "fullName": "Notifications createNotification should create notification successfully",
          "status": "passed",
          "title": "should create notification successfully",
          "duration": 5.67699999999968,
          "failureMessages": [],
          "meta": {}
        },
        {
          "ancestorTitles": ["Notifications", "createNotification"],
          "fullName": "Notifications createNotification should return null on error",
          "status": "passed",
          "title": "should return null on error",
          "duration": 1.229500000000371,
          "failureMessages": [],
          "meta": {}
        },
        {
          "ancestorTitles": ["Notifications", "notifyNewOrder"],
          "fullName": "Notifications notifyNewOrder should create new order notification",
          "status": "passed",
          "title": "should create new order notification",
          "duration": 3.464299999999639,
          "failureMessages": [],
          "meta": {}
        },
        {
          "ancestorTitles": ["Notifications", "notifyPaymentReceived"],
          "fullName": "Notifications notifyPaymentReceived should create payment received notification",
          "status": "passed",
          "title": "should create payment received notification",
          "duration": 41.51339999999982,
          "failureMessages": [],
          "meta": {}
        },
        {
          "ancestorTitles": ["Notifications", "notifyOrderCancelled"],
          "fullName": "Notifications notifyOrderCancelled should create order cancelled notification",
          "status": "passed",
          "title": "should create order cancelled notification",
          "duration": 1.16399999999976,
          "failureMessages": [],
          "meta": {}
        },
        {
          "ancestorTitles": ["Notifications", "notifyWorkCompleted"],
          "fullName": "Notifications notifyWorkCompleted should create work completed notification",
          "status": "passed",
          "title": "should create work completed notification",
          "duration": 1.4422000000004118,
          "failureMessages": [],
          "meta": {}
        },
        {
          "ancestorTitles": ["Notifications", "notifyOrderConfirmed"],
          "fullName": "Notifications notifyOrderConfirmed should create order confirmed notification",
          "status": "passed",
          "title": "should create order confirmed notification",
          "duration": 1.539600000000064,
          "failureMessages": [],
          "meta": {}
        },
        {
          "ancestorTitles": ["Notifications", "notifyNewReview"],
          "fullName": "Notifications notifyNewReview should create new review notification",
          "status": "passed",
          "title": "should create new review notification",
          "duration": 1.5502000000005864,
          "failureMessages": [],
          "meta": {}
        },
        {
          "ancestorTitles": ["Notifications", "notifyNewMessage"],
          "fullName": "Notifications notifyNewMessage should create new message notification",
          "status": "passed",
          "title": "should create new message notification",
          "duration": 1.519600000000537,
          "failureMessages": [],
          "meta": {}
        }
      ],
      "startTime": 1765588480940,
      "endTime": 1765588481001.5195,
      "status": "passed",
      "message": "",
      "name": "C:/Users/ohyus/talent/src/__tests__/unit/lib/notifications.test.ts"
    },
    {
      "assertionResults": [
        {
          "ancestorTitles": ["rate-limit.ts", "isRedisConfigured"],
          "fullName": "rate-limit.ts isRedisConfigured should return true when both Redis URL and token are set",
          "status": "passed",
          "title": "should return true when both Redis URL and token are set",
          "duration": 3.914799999999559,
          "failureMessages": [],
          "meta": {}
        },
        {
          "ancestorTitles": ["rate-limit.ts", "isRedisConfigured"],
          "fullName": "rate-limit.ts isRedisConfigured should return false when Redis URL is missing",
          "status": "passed",
          "title": "should return false when Redis URL is missing",
          "duration": 1.8941999999997279,
          "failureMessages": [],
          "meta": {}
        },
        {
          "ancestorTitles": ["rate-limit.ts", "isRedisConfigured"],
          "fullName": "rate-limit.ts isRedisConfigured should return false when Redis token is missing",
          "status": "passed",
          "title": "should return false when Redis token is missing",
          "duration": 1.2804999999998472,
          "failureMessages": [],
          "meta": {}
        },
        {
          "ancestorTitles": ["rate-limit.ts", "isRedisConfigured"],
          "fullName": "rate-limit.ts isRedisConfigured should return false when both are missing",
          "status": "passed",
          "title": "should return false when both are missing",
          "duration": 1.1817000000000917,
          "failureMessages": [],
          "meta": {}
        },
        {
          "ancestorTitles": ["rate-limit.ts", "isRedisConfigured"],
          "fullName": "rate-limit.ts isRedisConfigured should return false when variables are undefined",
          "status": "passed",
          "title": "should return false when variables are undefined",
          "duration": 1.425000000000182,
          "failureMessages": [],
          "meta": {}
        },
        {
          "ancestorTitles": ["rate-limit.ts", "checkRateLimit"],
          "fullName": "rate-limit.ts checkRateLimit should allow request when rate limit is not exceeded",
          "status": "passed",
          "title": "should allow request when rate limit is not exceeded",
          "duration": 5.653699999999844,
          "failureMessages": [],
          "meta": {}
        },
        {
          "ancestorTitles": ["rate-limit.ts", "checkRateLimit"],
          "fullName": "rate-limit.ts checkRateLimit should block request when rate limit is exceeded",
          "status": "passed",
          "title": "should block request when rate limit is exceeded",
          "duration": 8.727100000000064,
          "failureMessages": [],
          "meta": {}
        },
        {
          "ancestorTitles": ["rate-limit.ts", "checkRateLimit"],
          "fullName": "rate-limit.ts checkRateLimit should include rate limit headers in error response",
          "status": "passed",
          "title": "should include rate limit headers in error response",
          "duration": 2.498700000000099,
          "failureMessages": [],
          "meta": {}
        },
        {
          "ancestorTitles": ["rate-limit.ts", "checkRateLimit"],
          "fullName": "rate-limit.ts checkRateLimit should fallback to allowing request when Redis fails",
          "status": "passed",
          "title": "should fallback to allowing request when Redis fails",
          "duration": 1.8692000000000917,
          "failureMessages": [],
          "meta": {}
        },
        {
          "ancestorTitles": ["rate-limit.ts", "checkRateLimit"],
          "fullName": "rate-limit.ts checkRateLimit should handle timeout errors gracefully",
          "status": "passed",
          "title": "should handle timeout errors gracefully",
          "duration": 1.7415000000000873,
          "failureMessages": [],
          "meta": {}
        },
        {
          "ancestorTitles": ["rate-limit.ts", "checkRateLimit"],
          "fullName": "rate-limit.ts checkRateLimit should handle network errors gracefully",
          "status": "passed",
          "title": "should handle network errors gracefully",
          "duration": 1.501800000000003,
          "failureMessages": [],
          "meta": {}
        },
        {
          "ancestorTitles": ["rate-limit.ts", "checkRateLimit"],
          "fullName": "rate-limit.ts checkRateLimit should call limiter with correct identifier",
          "status": "passed",
          "title": "should call limiter with correct identifier",
          "duration": 1.8382000000001426,
          "failureMessages": [],
          "meta": {}
        },
        {
          "ancestorTitles": ["rate-limit.ts", "checkRateLimit"],
          "fullName": "rate-limit.ts checkRateLimit should handle zero remaining requests",
          "status": "passed",
          "title": "should handle zero remaining requests",
          "duration": 2.441100000000006,
          "failureMessages": [],
          "meta": {}
        },
        {
          "ancestorTitles": ["rate-limit.ts", "checkRateLimit"],
          "fullName": "rate-limit.ts checkRateLimit should handle maximum limit correctly",
          "status": "passed",
          "title": "should handle maximum limit correctly",
          "duration": 1.7493999999996959,
          "failureMessages": [],
          "meta": {}
        },
        {
          "ancestorTitles": ["rate-limit.ts", "checkRateLimit"],
          "fullName": "rate-limit.ts checkRateLimit should format reset time as ISO string in response",
          "status": "passed",
          "title": "should format reset time as ISO string in response",
          "duration": 2.532799999999952,
          "failureMessages": [],
          "meta": {}
        },
        {
          "ancestorTitles": ["rate-limit.ts", "Rate Limiter Instances"],
          "fullName": "rate-limit.ts Rate Limiter Instances should have paymentPrepareRateLimit defined",
          "status": "passed",
          "title": "should have paymentPrepareRateLimit defined",
          "duration": 1.6692999999995664,
          "failureMessages": [],
          "meta": {}
        },
        {
          "ancestorTitles": ["rate-limit.ts", "Rate Limiter Instances"],
          "fullName": "rate-limit.ts Rate Limiter Instances should have paymentVerifyRateLimit defined",
          "status": "passed",
          "title": "should have paymentVerifyRateLimit defined",
          "duration": 2.0097999999998137,
          "failureMessages": [],
          "meta": {}
        },
        {
          "ancestorTitles": ["rate-limit.ts", "Rate Limiter Instances"],
          "fullName": "rate-limit.ts Rate Limiter Instances should have directPurchaseRateLimit defined",
          "status": "passed",
          "title": "should have directPurchaseRateLimit defined",
          "duration": 1.697400000000016,
          "failureMessages": [],
          "meta": {}
        },
        {
          "ancestorTitles": ["rate-limit.ts", "Rate Limiter Instances"],
          "fullName": "rate-limit.ts Rate Limiter Instances should have orderStatusRateLimit defined",
          "status": "passed",
          "title": "should have orderStatusRateLimit defined",
          "duration": 1.386700000000019,
          "failureMessages": [],
          "meta": {}
        },
        {
          "ancestorTitles": ["rate-limit.ts", "Rate Limiter Instances"],
          "fullName": "rate-limit.ts Rate Limiter Instances should have limit method on all rate limiters",
          "status": "passed",
          "title": "should have limit method on all rate limiters",
          "duration": 1.3427000000001499,
          "failureMessages": [],
          "meta": {}
        },
        {
          "ancestorTitles": ["rate-limit.ts", "Edge Cases"],
          "fullName": "rate-limit.ts Edge Cases should handle empty string identifier",
          "status": "passed",
          "title": "should handle empty string identifier",
          "duration": 2.248899999999594,
          "failureMessages": [],
          "meta": {}
        },
        {
          "ancestorTitles": ["rate-limit.ts", "Edge Cases"],
          "fullName": "rate-limit.ts Edge Cases should handle very long identifier",
          "status": "passed",
          "title": "should handle very long identifier",
          "duration": 6.089699999999539,
          "failureMessages": [],
          "meta": {}
        },
        {
          "ancestorTitles": ["rate-limit.ts", "Edge Cases"],
          "fullName": "rate-limit.ts Edge Cases should handle special characters in identifier",
          "status": "passed",
          "title": "should handle special characters in identifier",
          "duration": 2.668300000000272,
          "failureMessages": [],
          "meta": {}
        },
        {
          "ancestorTitles": ["rate-limit.ts", "Edge Cases"],
          "fullName": "rate-limit.ts Edge Cases should handle concurrent requests to same identifier",
          "status": "passed",
          "title": "should handle concurrent requests to same identifier",
          "duration": 4.660600000000159,
          "failureMessages": [],
          "meta": {}
        },
        {
          "ancestorTitles": ["rate-limit.ts", "Edge Cases"],
          "fullName": "rate-limit.ts Edge Cases should handle rate limiter returning undefined values",
          "status": "passed",
          "title": "should handle rate limiter returning undefined values",
          "duration": 1.6904999999997017,
          "failureMessages": [],
          "meta": {}
        },
        {
          "ancestorTitles": ["rate-limit.ts", "Edge Cases"],
          "fullName": "rate-limit.ts Edge Cases should handle rate limiter returning negative values",
          "status": "passed",
          "title": "should handle rate limiter returning negative values",
          "duration": 2.6864999999997963,
          "failureMessages": [],
          "meta": {}
        },
        {
          "ancestorTitles": ["rate-limit.ts", "Edge Cases"],
          "fullName": "rate-limit.ts Edge Cases should handle promise rejection with non-Error object",
          "status": "passed",
          "title": "should handle promise rejection with non-Error object",
          "duration": 1.8097999999999956,
          "failureMessages": [],
          "meta": {}
        },
        {
          "ancestorTitles": ["rate-limit.ts", "Edge Cases"],
          "fullName": "rate-limit.ts Edge Cases should handle promise rejection with null",
          "status": "passed",
          "title": "should handle promise rejection with null",
          "duration": 1.810099999999693,
          "failureMessages": [],
          "meta": {}
        },
        {
          "ancestorTitles": ["rate-limit.ts", "Edge Cases"],
          "fullName": "rate-limit.ts Edge Cases should handle large reset timestamp",
          "status": "passed",
          "title": "should handle large reset timestamp",
          "duration": 3.3054999999994834,
          "failureMessages": [],
          "meta": {}
        }
      ],
      "startTime": 1765588480853,
      "endTime": 1765588480930.3054,
      "status": "passed",
      "message": "",
      "name": "C:/Users/ohyus/talent/src/__tests__/unit/lib/rate-limit.test.ts"
    },
    {
      "assertionResults": [
        {
          "ancestorTitles": ["template-generator", "BACKGROUND_TEMPLATES"],
          "fullName": "template-generator BACKGROUND_TEMPLATES should have 20 templates",
          "status": "passed",
          "title": "should have 20 templates",
          "duration": 2.6989999999996144,
          "failureMessages": [],
          "meta": {}
        },
        {
          "ancestorTitles": ["template-generator", "BACKGROUND_TEMPLATES"],
          "fullName": "template-generator BACKGROUND_TEMPLATES should have unique ids",
          "status": "passed",
          "title": "should have unique ids",
          "duration": 0.6644999999998618,
          "failureMessages": [],
          "meta": {}
        },
        {
          "ancestorTitles": ["template-generator", "BACKGROUND_TEMPLATES"],
          "fullName": "template-generator BACKGROUND_TEMPLATES should have required properties for each template",
          "status": "passed",
          "title": "should have required properties for each template",
          "duration": 5.408800000000156,
          "failureMessages": [],
          "meta": {}
        },
        {
          "ancestorTitles": ["template-generator", "BACKGROUND_TEMPLATES"],
          "fullName": "template-generator BACKGROUND_TEMPLATES should have linear templates with angles",
          "status": "passed",
          "title": "should have linear templates with angles",
          "duration": 2.3370999999997366,
          "failureMessages": [],
          "meta": {}
        },
        {
          "ancestorTitles": ["template-generator", "BACKGROUND_TEMPLATES"],
          "fullName": "template-generator BACKGROUND_TEMPLATES should have radial templates",
          "status": "passed",
          "title": "should have radial templates",
          "duration": 0.4695000000001528,
          "failureMessages": [],
          "meta": {}
        },
        {
          "ancestorTitles": ["template-generator", "BACKGROUND_TEMPLATES"],
          "fullName": "template-generator BACKGROUND_TEMPLATES should have valid hex color codes",
          "status": "passed",
          "title": "should have valid hex color codes",
          "duration": 1.8118999999996959,
          "failureMessages": [],
          "meta": {}
        },
        {
          "ancestorTitles": ["template-generator", "createGradientBackground"],
          "fullName": "template-generator createGradientBackground should create canvas with default dimensions",
          "status": "passed",
          "title": "should create canvas with default dimensions",
          "duration": 3.6041999999997643,
          "failureMessages": [],
          "meta": {}
        },
        {
          "ancestorTitles": ["template-generator", "createGradientBackground"],
          "fullName": "template-generator createGradientBackground should create canvas with custom dimensions",
          "status": "passed",
          "title": "should create canvas with custom dimensions",
          "duration": 1.225600000000668,
          "failureMessages": [],
          "meta": {}
        },
        {
          "ancestorTitles": ["template-generator", "createGradientBackground"],
          "fullName": "template-generator createGradientBackground should create linear gradient for linear type",
          "status": "passed",
          "title": "should create linear gradient for linear type",
          "duration": 0.6766999999999825,
          "failureMessages": [],
          "meta": {}
        },
        {
          "ancestorTitles": ["template-generator", "createGradientBackground"],
          "fullName": "template-generator createGradientBackground should create radial gradient for radial type",
          "status": "passed",
          "title": "should create radial gradient for radial type",
          "duration": 0.5434999999997672,
          "failureMessages": [],
          "meta": {}
        },
        {
          "ancestorTitles": ["template-generator", "createGradientBackground"],
          "fullName": "template-generator createGradientBackground should fill the canvas with gradient",
          "status": "passed",
          "title": "should fill the canvas with gradient",
          "duration": 0.6702000000004773,
          "failureMessages": [],
          "meta": {}
        },
        {
          "ancestorTitles": ["template-generator", "createTemplatePreview"],
          "fullName": "template-generator createTemplatePreview should create preview with default dimensions",
          "status": "passed",
          "title": "should create preview with default dimensions",
          "duration": 0.8434999999999491,
          "failureMessages": [],
          "meta": {}
        },
        {
          "ancestorTitles": ["template-generator", "createTemplatePreview"],
          "fullName": "template-generator createTemplatePreview should create preview with custom dimensions",
          "status": "passed",
          "title": "should create preview with custom dimensions",
          "duration": 0.36419999999998254,
          "failureMessages": [],
          "meta": {}
        },
        {
          "ancestorTitles": ["template-generator", "generateThumbnailWithText"],
          "fullName": "template-generator generateThumbnailWithText should generate thumbnail with text overlay",
          "status": "passed",
          "title": "should generate thumbnail with text overlay",
          "duration": 1.7848000000003594,
          "failureMessages": [],
          "meta": {}
        },
        {
          "ancestorTitles": ["template-generator", "generateThumbnailWithText"],
          "fullName": "template-generator generateThumbnailWithText should apply text shadow when specified",
          "status": "passed",
          "title": "should apply text shadow when specified",
          "duration": 0.7375999999994747,
          "failureMessages": [],
          "meta": {}
        },
        {
          "ancestorTitles": ["template-generator", "generateThumbnailWithText"],
          "fullName": "template-generator generateThumbnailWithText should set font properties correctly",
          "status": "passed",
          "title": "should set font properties correctly",
          "duration": 0.6455999999998312,
          "failureMessages": [],
          "meta": {}
        },
        {
          "ancestorTitles": ["template-generator", "generateThumbnailWithText"],
          "fullName": "template-generator generateThumbnailWithText should handle custom dimensions",
          "status": "passed",
          "title": "should handle custom dimensions",
          "duration": 0.7334000000000742,
          "failureMessages": [],
          "meta": {}
        },
        {
          "ancestorTitles": ["template-generator", "generateThumbnailWithText"],
          "fullName": "template-generator generateThumbnailWithText should reject when blob creation fails",
          "status": "passed",
          "title": "should reject when blob creation fails",
          "duration": 3.562300000000505,
          "failureMessages": [],
          "meta": {}
        }
      ],
      "startTime": 1765588498690,
      "endTime": 1765588498719.5623,
      "status": "passed",
      "message": "",
      "name": "C:/Users/ohyus/talent/src/__tests__/unit/lib/template-generator.test.ts"
    },
    {
      "assertionResults": [
        {
          "ancestorTitles": ["transaction.ts", "createOrderWithIdempotency"],
          "fullName": "transaction.ts createOrderWithIdempotency should return existing order when idempotency key already exists",
          "status": "passed",
          "title": "should return existing order when idempotency key already exists",
          "duration": 6.964300000000094,
          "failureMessages": [],
          "meta": {}
        },
        {
          "ancestorTitles": ["transaction.ts", "createOrderWithIdempotency"],
          "fullName": "transaction.ts createOrderWithIdempotency should create new order when idempotency key does not exist",
          "status": "passed",
          "title": "should create new order when idempotency key does not exist",
          "duration": 2.978099999999813,
          "failureMessages": [],
          "meta": {}
        },
        {
          "ancestorTitles": ["transaction.ts", "createOrderWithIdempotency"],
          "fullName": "transaction.ts createOrderWithIdempotency should handle race condition with unique constraint violation",
          "status": "passed",
          "title": "should handle race condition with unique constraint violation",
          "duration": 1.31479999999965,
          "failureMessages": [],
          "meta": {}
        },
        {
          "ancestorTitles": ["transaction.ts", "createOrderWithIdempotency"],
          "fullName": "transaction.ts createOrderWithIdempotency should return error when check query fails",
          "status": "passed",
          "title": "should return error when check query fails",
          "duration": 0.8173000000001593,
          "failureMessages": [],
          "meta": {}
        },
        {
          "ancestorTitles": ["transaction.ts", "createOrderWithIdempotency"],
          "fullName": "transaction.ts createOrderWithIdempotency should return error when insert fails with non-constraint error",
          "status": "passed",
          "title": "should return error when insert fails with non-constraint error",
          "duration": 0.9119999999998072,
          "failureMessages": [],
          "meta": {}
        },
        {
          "ancestorTitles": ["transaction.ts", "createOrderWithIdempotency"],
          "fullName": "transaction.ts createOrderWithIdempotency should pass through additional order data fields",
          "status": "passed",
          "title": "should pass through additional order data fields",
          "duration": 1.3665999999998348,
          "failureMessages": [],
          "meta": {}
        },
        {
          "ancestorTitles": ["transaction.ts", "createPaymentWithIdempotency"],
          "fullName": "transaction.ts createPaymentWithIdempotency should return existing payment when payment_id already exists",
          "status": "passed",
          "title": "should return existing payment when payment_id already exists",
          "duration": 1.3881000000001222,
          "failureMessages": [],
          "meta": {}
        },
        {
          "ancestorTitles": ["transaction.ts", "createPaymentWithIdempotency"],
          "fullName": "transaction.ts createPaymentWithIdempotency should create new payment when payment_id does not exist",
          "status": "passed",
          "title": "should create new payment when payment_id does not exist",
          "duration": 1.6122999999997774,
          "failureMessages": [],
          "meta": {}
        },
        {
          "ancestorTitles": ["transaction.ts", "createPaymentWithIdempotency"],
          "fullName": "transaction.ts createPaymentWithIdempotency should handle race condition with payment_id constraint violation",
          "status": "passed",
          "title": "should handle race condition with payment_id constraint violation",
          "duration": 1.1065000000003238,
          "failureMessages": [],
          "meta": {}
        },
        {
          "ancestorTitles": ["transaction.ts", "createPaymentWithIdempotency"],
          "fullName": "transaction.ts createPaymentWithIdempotency should return error when check query fails",
          "status": "passed",
          "title": "should return error when check query fails",
          "duration": 0.9549000000001797,
          "failureMessages": [],
          "meta": {}
        },
        {
          "ancestorTitles": ["transaction.ts", "createPaymentWithIdempotency"],
          "fullName": "transaction.ts createPaymentWithIdempotency should return error when insert fails with non-constraint error",
          "status": "passed",
          "title": "should return error when insert fails with non-constraint error",
          "duration": 0.9175000000000182,
          "failureMessages": [],
          "meta": {}
        },
        {
          "ancestorTitles": ["transaction.ts", "createPaymentWithIdempotency"],
          "fullName": "transaction.ts createPaymentWithIdempotency should pass through additional payment data fields",
          "status": "passed",
          "title": "should pass through additional payment data fields",
          "duration": 1.0864999999998872,
          "failureMessages": [],
          "meta": {}
        },
        {
          "ancestorTitles": ["transaction.ts", "updateOrderStatusWithLocking"],
          "fullName": "transaction.ts updateOrderStatusWithLocking should successfully update order status with matching timestamp",
          "status": "passed",
          "title": "should successfully update order status with matching timestamp",
          "duration": 1.8584999999998217,
          "failureMessages": [],
          "meta": {}
        },
        {
          "ancestorTitles": ["transaction.ts", "updateOrderStatusWithLocking"],
          "fullName": "transaction.ts updateOrderStatusWithLocking should fail with optimistic lock error when timestamp does not match",
          "status": "passed",
          "title": "should fail with optimistic lock error when timestamp does not match",
          "duration": 0.869499999999789,
          "failureMessages": [],
          "meta": {}
        },
        {
          "ancestorTitles": ["transaction.ts", "updateOrderStatusWithLocking"],
          "fullName": "transaction.ts updateOrderStatusWithLocking should return error message for other database errors",
          "status": "passed",
          "title": "should return error message for other database errors",
          "duration": 0.7671999999997752,
          "failureMessages": [],
          "meta": {}
        },
        {
          "ancestorTitles": ["transaction.ts", "updateOrderStatusWithLocking"],
          "fullName": "transaction.ts updateOrderStatusWithLocking should update with current timestamp",
          "status": "passed",
          "title": "should update with current timestamp",
          "duration": 3.4360999999998967,
          "failureMessages": [],
          "meta": {}
        },
        {
          "ancestorTitles": ["transaction.ts", "deductCreditWithLocking"],
          "fullName": "transaction.ts deductCreditWithLocking should successfully deduct credit",
          "status": "passed",
          "title": "should successfully deduct credit",
          "duration": 1.160899999999856,
          "failureMessages": [],
          "meta": {}
        },
        {
          "ancestorTitles": ["transaction.ts", "deductCreditWithLocking"],
          "fullName": "transaction.ts deductCreditWithLocking should return error when RPC call fails",
          "status": "passed",
          "title": "should return error when RPC call fails",
          "duration": 0.6397000000001754,
          "failureMessages": [],
          "meta": {}
        },
        {
          "ancestorTitles": ["transaction.ts", "deductCreditWithLocking"],
          "fullName": "transaction.ts deductCreditWithLocking should handle RPC response with error field",
          "status": "passed",
          "title": "should handle RPC response with error field",
          "duration": 0.5045999999997548,
          "failureMessages": [],
          "meta": {}
        },
        {
          "ancestorTitles": ["transaction.ts", "deductCreditWithLocking"],
          "fullName": "transaction.ts deductCreditWithLocking should handle null error field in successful response",
          "status": "passed",
          "title": "should handle null error field in successful response",
          "duration": 0.5690999999997075,
          "failureMessages": [],
          "meta": {}
        }
      ],
      "startTime": 1765588498411,
      "endTime": 1765588498443.569,
      "status": "passed",
      "message": "",
      "name": "C:/Users/ohyus/talent/src/__tests__/unit/lib/transaction.test.ts"
    },
    {
      "assertionResults": [
        {
          "ancestorTitles": ["Advertising Click Track API", "POST /api/advertising/track/click"],
          "fullName": "Advertising Click Track API POST /api/advertising/track/click should return 400 if serviceId is missing",
          "status": "passed",
          "title": "should return 400 if serviceId is missing",
          "duration": 20.638900000000376,
          "failureMessages": [],
          "meta": {}
        },
        {
          "ancestorTitles": ["Advertising Click Track API", "POST /api/advertising/track/click"],
          "fullName": "Advertising Click Track API POST /api/advertising/track/click should return tracked=false when no active subscription",
          "status": "passed",
          "title": "should return tracked=false when no active subscription",
          "duration": 3.1631999999999607,
          "failureMessages": [],
          "meta": {}
        },
        {
          "ancestorTitles": ["Advertising Click Track API", "POST /api/advertising/track/click"],
          "fullName": "Advertising Click Track API POST /api/advertising/track/click should track click and update subscription stats",
          "status": "passed",
          "title": "should track click and update subscription stats",
          "duration": 3.2991000000001804,
          "failureMessages": [],
          "meta": {}
        },
        {
          "ancestorTitles": ["Advertising Click Track API", "POST /api/advertising/track/click"],
          "fullName": "Advertising Click Track API POST /api/advertising/track/click should handle update error",
          "status": "passed",
          "title": "should handle update error",
          "duration": 2.9629000000004453,
          "failureMessages": [],
          "meta": {}
        },
        {
          "ancestorTitles": ["Advertising Click Track API", "POST /api/advertising/track/click"],
          "fullName": "Advertising Click Track API POST /api/advertising/track/click should handle unexpected errors",
          "status": "passed",
          "title": "should handle unexpected errors",
          "duration": 2.1903000000002066,
          "failureMessages": [],
          "meta": {}
        }
      ],
      "startTime": 1765588503202,
      "endTime": 1765588503234.1902,
      "status": "passed",
      "message": "",
      "name": "C:/Users/ohyus/talent/src/__tests__/unit/api/advertising/track-click.test.ts"
    },
    {
      "assertionResults": [
        {
          "ancestorTitles": [
            "Advertising Impression Track API",
            "POST /api/advertising/track/impression"
          ],
          "fullName": "Advertising Impression Track API POST /api/advertising/track/impression should return 400 if serviceId is missing",
          "status": "passed",
          "title": "should return 400 if serviceId is missing",
          "duration": 16.155399999999645,
          "failureMessages": [],
          "meta": {}
        },
        {
          "ancestorTitles": [
            "Advertising Impression Track API",
            "POST /api/advertising/track/impression"
          ],
          "fullName": "Advertising Impression Track API POST /api/advertising/track/impression should return 400 if categoryId is missing",
          "status": "passed",
          "title": "should return 400 if categoryId is missing",
          "duration": 2.686999999999898,
          "failureMessages": [],
          "meta": {}
        },
        {
          "ancestorTitles": [
            "Advertising Impression Track API",
            "POST /api/advertising/track/impression"
          ],
          "fullName": "Advertising Impression Track API POST /api/advertising/track/impression should return tracked=false when no active subscription",
          "status": "passed",
          "title": "should return tracked=false when no active subscription",
          "duration": 2.896600000000035,
          "failureMessages": [],
          "meta": {}
        },
        {
          "ancestorTitles": [
            "Advertising Impression Track API",
            "POST /api/advertising/track/impression"
          ],
          "fullName": "Advertising Impression Track API POST /api/advertising/track/impression should track impression and update subscription stats",
          "status": "passed",
          "title": "should track impression and update subscription stats",
          "duration": 2.719999999999345,
          "failureMessages": [],
          "meta": {}
        },
        {
          "ancestorTitles": [
            "Advertising Impression Track API",
            "POST /api/advertising/track/impression"
          ],
          "fullName": "Advertising Impression Track API POST /api/advertising/track/impression should handle impression insert error",
          "status": "passed",
          "title": "should handle impression insert error",
          "duration": 2.7750000000005457,
          "failureMessages": [],
          "meta": {}
        },
        {
          "ancestorTitles": [
            "Advertising Impression Track API",
            "POST /api/advertising/track/impression"
          ],
          "fullName": "Advertising Impression Track API POST /api/advertising/track/impression should handle unexpected errors",
          "status": "passed",
          "title": "should handle unexpected errors",
          "duration": 2.0163000000002285,
          "failureMessages": [],
          "meta": {}
        }
      ],
      "startTime": 1765588489873,
      "endTime": 1765588489903.0164,
      "status": "passed",
      "message": "",
      "name": "C:/Users/ohyus/talent/src/__tests__/unit/api/advertising/track-impression.test.ts"
    },
    {
      "assertionResults": [
        {
          "ancestorTitles": ["Admin Analytics API", "GET /api/admin/analytics"],
          "fullName": "Admin Analytics API GET /api/admin/analytics should return 401 if not authenticated",
          "status": "passed",
          "title": "should return 401 if not authenticated",
          "duration": 14.092999999999847,
          "failureMessages": [],
          "meta": {}
        },
        {
          "ancestorTitles": ["Admin Analytics API", "GET /api/admin/analytics"],
          "fullName": "Admin Analytics API GET /api/admin/analytics should return 403 if not admin",
          "status": "passed",
          "title": "should return 403 if not admin",
          "duration": 2.426100000000588,
          "failureMessages": [],
          "meta": {}
        },
        {
          "ancestorTitles": ["Admin Analytics API", "GET /api/admin/analytics"],
          "fullName": "Admin Analytics API GET /api/admin/analytics should return analytics data for day period",
          "status": "passed",
          "title": "should return analytics data for day period",
          "duration": 3.6395999999995183,
          "failureMessages": [],
          "meta": {}
        },
        {
          "ancestorTitles": ["Admin Analytics API", "GET /api/admin/analytics"],
          "fullName": "Admin Analytics API GET /api/admin/analytics should return analytics data for hour period",
          "status": "passed",
          "title": "should return analytics data for hour period",
          "duration": 1.818899999999303,
          "failureMessages": [],
          "meta": {}
        },
        {
          "ancestorTitles": ["Admin Analytics API", "GET /api/admin/analytics"],
          "fullName": "Admin Analytics API GET /api/admin/analytics should return analytics data for month period",
          "status": "passed",
          "title": "should return analytics data for month period",
          "duration": 1.9833000000007814,
          "failureMessages": [],
          "meta": {}
        },
        {
          "ancestorTitles": ["Admin Analytics API", "GET /api/admin/analytics"],
          "fullName": "Admin Analytics API GET /api/admin/analytics should return analytics data for year period",
          "status": "passed",
          "title": "should return analytics data for year period",
          "duration": 1.7281999999995605,
          "failureMessages": [],
          "meta": {}
        },
        {
          "ancestorTitles": ["Admin Analytics API", "GET /api/admin/analytics"],
          "fullName": "Admin Analytics API GET /api/admin/analytics should return 400 for invalid period",
          "status": "passed",
          "title": "should return 400 for invalid period",
          "duration": 1.8820999999998094,
          "failureMessages": [],
          "meta": {}
        },
        {
          "ancestorTitles": ["Admin Analytics API", "GET /api/admin/analytics"],
          "fullName": "Admin Analytics API GET /api/admin/analytics should handle path filter parameter",
          "status": "passed",
          "title": "should handle path filter parameter",
          "duration": 2.723300000000563,
          "failureMessages": [],
          "meta": {}
        },
        {
          "ancestorTitles": ["Admin Analytics API", "GET /api/admin/analytics"],
          "fullName": "Admin Analytics API GET /api/admin/analytics should handle database errors",
          "status": "passed",
          "title": "should handle database errors",
          "duration": 1.6832000000003973,
          "failureMessages": [],
          "meta": {}
        },
        {
          "ancestorTitles": ["Admin Analytics API", "POST /api/admin/analytics (Top Pages)"],
          "fullName": "Admin Analytics API POST /api/admin/analytics (Top Pages) should return top pages",
          "status": "passed",
          "title": "should return top pages",
          "duration": 3.135200000000623,
          "failureMessages": [],
          "meta": {}
        },
        {
          "ancestorTitles": ["Admin Analytics API", "POST /api/admin/analytics (Top Pages)"],
          "fullName": "Admin Analytics API POST /api/admin/analytics (Top Pages) should respect limit parameter",
          "status": "passed",
          "title": "should respect limit parameter",
          "duration": 3.8603000000002794,
          "failureMessages": [],
          "meta": {}
        }
      ],
      "startTime": 1765588490250,
      "endTime": 1765588490289.8604,
      "status": "passed",
      "message": "",
      "name": "C:/Users/ohyus/talent/src/__tests__/unit/api/admin/analytics.test.ts"
    },
    {
      "assertionResults": [
        {
          "ancestorTitles": ["Admin Categories API", "GET /api/admin/categories"],
          "fullName": "Admin Categories API GET /api/admin/categories should return 401 if not admin",
          "status": "passed",
          "title": "should return 401 if not admin",
          "duration": 16.61489999999958,
          "failureMessages": [],
          "meta": {}
        },
        {
          "ancestorTitles": ["Admin Categories API", "GET /api/admin/categories"],
          "fullName": "Admin Categories API GET /api/admin/categories should return 403 if not admin (forbidden)",
          "status": "passed",
          "title": "should return 403 if not admin (forbidden)",
          "duration": 2.443199999999706,
          "failureMessages": [],
          "meta": {}
        },
        {
          "ancestorTitles": ["Admin Categories API", "GET /api/admin/categories"],
          "fullName": "Admin Categories API GET /api/admin/categories should return categories list",
          "status": "passed",
          "title": "should return categories list",
          "duration": 4.119999999999891,
          "failureMessages": [],
          "meta": {}
        },
        {
          "ancestorTitles": ["Admin Categories API", "GET /api/admin/categories"],
          "fullName": "Admin Categories API GET /api/admin/categories should include inactive categories when requested",
          "status": "passed",
          "title": "should include inactive categories when requested",
          "duration": 2.305699999999888,
          "failureMessages": [],
          "meta": {}
        },
        {
          "ancestorTitles": ["Admin Categories API", "POST /api/admin/categories"],
          "fullName": "Admin Categories API POST /api/admin/categories should return 400 if name is missing",
          "status": "passed",
          "title": "should return 400 if name is missing",
          "duration": 3.020900000000438,
          "failureMessages": [],
          "meta": {}
        },
        {
          "ancestorTitles": ["Admin Categories API", "POST /api/admin/categories"],
          "fullName": "Admin Categories API POST /api/admin/categories should return 409 if slug already exists",
          "status": "passed",
          "title": "should return 409 if slug already exists",
          "duration": 2.5778000000000247,
          "failureMessages": [],
          "meta": {}
        },
        {
          "ancestorTitles": ["Admin Categories API", "POST /api/admin/categories"],
          "fullName": "Admin Categories API POST /api/admin/categories should create category successfully",
          "status": "passed",
          "title": "should create category successfully",
          "duration": 2.504399999999805,
          "failureMessages": [],
          "meta": {}
        },
        {
          "ancestorTitles": ["Admin Categories API", "PATCH /api/admin/categories"],
          "fullName": "Admin Categories API PATCH /api/admin/categories should return 400 if id is missing",
          "status": "passed",
          "title": "should return 400 if id is missing",
          "duration": 1.8553000000001703,
          "failureMessages": [],
          "meta": {}
        },
        {
          "ancestorTitles": ["Admin Categories API", "PATCH /api/admin/categories"],
          "fullName": "Admin Categories API PATCH /api/admin/categories should return 409 if new slug already exists",
          "status": "passed",
          "title": "should return 409 if new slug already exists",
          "duration": 2.2062999999998283,
          "failureMessages": [],
          "meta": {}
        },
        {
          "ancestorTitles": ["Admin Categories API", "PATCH /api/admin/categories"],
[...]
          "duration": 4.7820999999999,
          "failureMessages": [],
          "meta": {}
        },
        {
          "ancestorTitles": [
            "Supabase Queries - Personalized Services",
            "getPersonalizedServicesByInterest"
          ],
          "fullName": "Supabase Queries - Personalized Services getPersonalizedServicesByInterest should return personalized services for level 2 category",
          "status": "passed",
          "title": "should return personalized services for level 2 category",
          "duration": 1.9245999999998276,
          "failureMessages": [],
          "meta": {}
        },
        {
          "ancestorTitles": [
            "Supabase Queries - Personalized Services",
            "getPersonalizedServicesByInterest"
          ],
          "fullName": "Supabase Queries - Personalized Services getPersonalizedServicesByInterest should return personalized services for level 1 category",
          "status": "passed",
          "title": "should return personalized services for level 1 category",
          "duration": 1.713799999999992,
          "failureMessages": [],
          "meta": {}
        },
        {
          "ancestorTitles": [
            "Supabase Queries - Personalized Services",
            "getPersonalizedServicesByInterest"
          ],
          "fullName": "Supabase Queries - Personalized Services getPersonalizedServicesByInterest should handle services with advertising",
          "status": "passed",
          "title": "should handle services with advertising",
          "duration": 2.2197000000001026,
          "failureMessages": [],
          "meta": {}
        },
        {
          "ancestorTitles": [
            "Supabase Queries - Personalized Services",
            "getPersonalizedServicesByInterest"
          ],
          "fullName": "Supabase Queries - Personalized Services getPersonalizedServicesByInterest should handle errors gracefully and return empty array",
          "status": "passed",
          "title": "should handle errors gracefully and return empty array",
          "duration": 4.037399999999707,
          "failureMessages": [],
          "meta": {}
        },
        {
          "ancestorTitles": [
            "Supabase Queries - Personalized Services",
            "getPersonalizedServicesByInterest"
          ],
          "fullName": "Supabase Queries - Personalized Services getPersonalizedServicesByInterest should return empty services when category info not found",
          "status": "passed",
          "title": "should return empty services when category info not found",
          "duration": 1.4475999999999658,
          "failureMessages": [],
          "meta": {}
        },
        {
          "ancestorTitles": [
            "Supabase Queries - Personalized Services",
            "getPersonalizedServicesByInterest"
          ],
          "fullName": "Supabase Queries - Personalized Services getPersonalizedServicesByInterest should calculate rating and review_count for services",
          "status": "passed",
          "title": "should calculate rating and review_count for services",
          "duration": 1.8532999999997628,
          "failureMessages": [],
          "meta": {}
        }
      ],
      "startTime": 1765588506804,
      "endTime": 1765588506833.8533,
      "status": "passed",
      "message": "",
      "name": "C:/Users/ohyus/talent/src/__tests__/unit/lib/supabase/queries/personalized-services.test.ts"
    },
    {
      "assertionResults": [
        {
          "ancestorTitles": ["Quotes Queries", "getBuyerQuotes"],
          "fullName": "Quotes Queries getBuyerQuotes should return buyer quotes with response count",
          "status": "passed",
          "title": "should return buyer quotes with response count",
          "duration": 4.820300000000316,
          "failureMessages": [],
          "meta": {}
        },
        {
          "ancestorTitles": ["Quotes Queries", "getBuyerQuotes"],
          "fullName": "Quotes Queries getBuyerQuotes should throw error on database failure",
          "status": "passed",
          "title": "should throw error on database failure",
          "duration": 2.98279999999977,
          "failureMessages": [],
          "meta": {}
        },
        {
          "ancestorTitles": ["Quotes Queries", "getSellerQuotes"],
          "fullName": "Quotes Queries getSellerQuotes should return pending quotes for sellers",
          "status": "passed",
          "title": "should return pending quotes for sellers",
          "duration": 1.2370999999998276,
          "failureMessages": [],
          "meta": {}
        },
        {
          "ancestorTitles": ["Quotes Queries", "getSellerQuotes"],
          "fullName": "Quotes Queries getSellerQuotes should respect limit parameter",
          "status": "passed",
          "title": "should respect limit parameter",
          "duration": 2.367700000000241,
          "failureMessages": [],
          "meta": {}
        },
        {
          "ancestorTitles": ["Quotes Queries", "getSellerQuotes"],
          "fullName": "Quotes Queries getSellerQuotes should throw error on database failure",
          "status": "passed",
          "title": "should throw error on database failure",
          "duration": 1.0936999999998989,
          "failureMessages": [],
          "meta": {}
        },
        {
          "ancestorTitles": ["Quotes Queries", "getQuoteResponses"],
          "fullName": "Quotes Queries getQuoteResponses should return responses for a quote",
          "status": "passed",
          "title": "should return responses for a quote",
          "duration": 1.3481999999999061,
          "failureMessages": [],
          "meta": {}
        },
        {
          "ancestorTitles": ["Quotes Queries", "getQuoteResponses"],
          "fullName": "Quotes Queries getQuoteResponses should throw error on database failure",
          "status": "passed",
          "title": "should throw error on database failure",
          "duration": 0.9018000000000939,
          "failureMessages": [],
          "meta": {}
        }
      ],
      "startTime": 1765588510936,
      "endTime": 1765588510951.9019,
      "status": "passed",
      "message": "",
      "name": "C:/Users/ohyus/talent/src/__tests__/unit/lib/supabase/queries/quotes.test.ts"
    },
    {
      "assertionResults": [
        {
          "ancestorTitles": ["reviews queries", "getBuyerReviews"],
          "fullName": "reviews queries getBuyerReviews should fetch reviews written by a buyer",
          "status": "passed",
          "title": "should fetch reviews written by a buyer",
          "duration": 6.995600000000195,
          "failureMessages": [],
          "meta": {}
        },
        {
          "ancestorTitles": ["reviews queries", "getBuyerReviews"],
          "fullName": "reviews queries getBuyerReviews should return empty array on error",
          "status": "passed",
          "title": "should return empty array on error",
          "duration": 1.2545000000000073,
          "failureMessages": [],
          "meta": {}
        },
        {
          "ancestorTitles": ["reviews queries", "getBuyerReviews"],
          "fullName": "reviews queries getBuyerReviews should return empty array when data is null",
          "status": "passed",
          "title": "should return empty array when data is null",
          "duration": 0.7133999999996377,
          "failureMessages": [],
          "meta": {}
        },
        {
          "ancestorTitles": ["reviews queries", "getSellerReviews"],
          "fullName": "reviews queries getSellerReviews should fetch reviews received by a seller",
          "status": "passed",
          "title": "should fetch reviews received by a seller",
          "duration": 1.1439000000000306,
          "failureMessages": [],
          "meta": {}
        },
        {
          "ancestorTitles": ["reviews queries", "getSellerReviews"],
          "fullName": "reviews queries getSellerReviews should throw error when query fails",
          "status": "passed",
          "title": "should throw error when query fails",
          "duration": 3.8051000000004933,
          "failureMessages": [],
          "meta": {}
        },
        {
          "ancestorTitles": ["reviews queries", "getPendingReviews"],
          "fullName": "reviews queries getPendingReviews should fetch completed orders without reviews",
          "status": "passed",
          "title": "should fetch completed orders without reviews",
          "duration": 1.5648999999993976,
          "failureMessages": [],
          "meta": {}
        },
        {
          "ancestorTitles": ["reviews queries", "getPendingReviews"],
          "fullName": "reviews queries getPendingReviews should return empty array on error",
          "status": "passed",
          "title": "should return empty array on error",
          "duration": 0.6334000000006199,
          "failureMessages": [],
          "meta": {}
        },
        {
          "ancestorTitles": ["reviews queries", "getPendingReviews"],
          "fullName": "reviews queries getPendingReviews should return empty array when no pending reviews",
          "status": "passed",
          "title": "should return empty array when no pending reviews",
          "duration": 0.5488999999997759,
          "failureMessages": [],
          "meta": {}
        }
      ],
      "startTime": 1765588511336,
      "endTime": 1765588511353.5488,
      "status": "passed",
      "message": "",
      "name": "C:/Users/ohyus/talent/src/__tests__/unit/lib/supabase/queries/reviews.test.ts"
    },
    {
      "assertionResults": [
        {
          "ancestorTitles": ["search queries", "searchAll"],
          "fullName": "search queries searchAll should search for services, experts, and portfolios",
          "status": "passed",
          "title": "should search for services, experts, and portfolios",
          "duration": 6.975100000000111,
          "failureMessages": [],
          "meta": {}
        },
        {
          "ancestorTitles": ["search queries", "searchAll"],
          "fullName": "search queries searchAll should return empty results on error",
          "status": "passed",
          "title": "should return empty results on error",
          "duration": 1.9954999999999927,
          "failureMessages": [],
          "meta": {}
        },
        {
          "ancestorTitles": ["search queries", "getRecommendedSearchTerms"],
          "fullName": "search queries getRecommendedSearchTerms should return recommended search terms based on category clicks",
          "status": "passed",
          "title": "should return recommended search terms based on category clicks",
          "duration": 3.3129000000003543,
          "failureMessages": [],
          "meta": {}
        },
        {
          "ancestorTitles": ["search queries", "getRecommendedSearchTerms"],
          "fullName": "search queries getRecommendedSearchTerms should return empty array when no category clicks",
          "status": "passed",
          "title": "should return empty array when no category clicks",
          "duration": 0.7364000000002306,
          "failureMessages": [],
          "meta": {}
        },
        {
          "ancestorTitles": ["search queries", "getRecommendedSearchTerms"],
          "fullName": "search queries getRecommendedSearchTerms should return empty array on error",
          "status": "passed",
          "title": "should return empty array on error",
          "duration": 1.000999999999749,
          "failureMessages": [],
          "meta": {}
        },
        {
          "ancestorTitles": ["search queries", "getRecommendedSearchTerms"],
          "fullName": "search queries getRecommendedSearchTerms should filter only level 3 categories",
          "status": "passed",
          "title": "should filter only level 3 categories",
          "duration": 0.9551000000001295,
          "failureMessages": [],
          "meta": {}
        }
      ],
      "startTime": 1765588511656,
      "endTime": 1765588511671.955,
      "status": "passed",
      "message": "",
      "name": "C:/Users/ohyus/talent/src/__tests__/unit/lib/supabase/queries/search.test.ts"
    },
    {
      "assertionResults": [
        {
          "ancestorTitles": ["Supabase Queries - Services", "getSellerServices"],
          "fullName": "Supabase Queries - Services getSellerServices should return seller services without status filter",
          "status": "passed",
          "title": "should return seller services without status filter",
          "duration": 6.761099999999715,
          "failureMessages": [],
          "meta": {}
        },
        {
          "ancestorTitles": ["Supabase Queries - Services", "getSellerServices"],
          "fullName": "Supabase Queries - Services getSellerServices should filter by status when provided",
          "status": "passed",
          "title": "should filter by status when provided",
          "duration": 1.9259999999994761,
          "failureMessages": [],
          "meta": {}
        },
        {
          "ancestorTitles": ["Supabase Queries - Services", "getSellerServices"],
          "fullName": "Supabase Queries - Services getSellerServices should not filter by status when status is \"all\"",
          "status": "passed",
          "title": "should not filter by status when status is \"all\"",
          "duration": 1.0911999999998443,
          "failureMessages": [],
          "meta": {}
        },
        {
          "ancestorTitles": ["Supabase Queries - Services", "getSellerServices"],
          "fullName": "Supabase Queries - Services getSellerServices should throw error on query failure",
          "status": "passed",
          "title": "should throw error on query failure",
          "duration": 2.1778000000003885,
          "failureMessages": [],
          "meta": {}
        },
        {
          "ancestorTitles": ["Supabase Queries - Services", "getServiceById"],
          "fullName": "Supabase Queries - Services getServiceById should return service with seller and category information",
          "status": "passed",
          "title": "should return service with seller and category information",
          "duration": 1.9344999999993888,
          "failureMessages": [],
          "meta": {}
        },
        {
          "ancestorTitles": ["Supabase Queries - Services", "getServiceById"],
          "fullName": "Supabase Queries - Services getServiceById should return service without user data if user query fails",
          "status": "passed",
          "title": "should return service without user data if user query fails",
          "duration": 1.1499999999996362,
          "failureMessages": [],
          "meta": {}
        },
        {
          "ancestorTitles": ["Supabase Queries - Services", "getServiceById"],
          "fullName": "Supabase Queries - Services getServiceById should throw error on query failure",
          "status": "passed",
          "title": "should throw error on query failure",
          "duration": 0.9489000000003216,
          "failureMessages": [],
          "meta": {}
        },
        {
          "ancestorTitles": ["Supabase Queries - Services", "getSellerServicesCount"],
          "fullName": "Supabase Queries - Services getSellerServicesCount should return count of seller services with status",
          "status": "passed",
          "title": "should return count of seller services with status",
          "duration": 2.512399999999616,
          "failureMessages": [],
          "meta": {}
        },
        {
          "ancestorTitles": ["Supabase Queries - Services", "getSellerServicesCount"],
          "fullName": "Supabase Queries - Services getSellerServicesCount should return 0 when no services found",
          "status": "passed",
          "title": "should return 0 when no services found",
          "duration": 1.534099999999853,
          "failureMessages": [],
          "meta": {}
        },
        {
          "ancestorTitles": ["Supabase Queries - Services", "getSellerServicesCount"],
          "fullName": "Supabase Queries - Services getSellerServicesCount should throw error on query failure",
          "status": "passed",
          "title": "should throw error on query failure",
          "duration": 1.6962000000003172,
          "failureMessages": [],
          "meta": {}
        },
        {
          "ancestorTitles": ["Supabase Queries - Services", "getServicesByCategory"],
          "fullName": "Supabase Queries - Services getServicesByCategory should return services for a 3rd level category",
          "status": "passed",
          "title": "should return services for a 3rd level category",
          "duration": 3.0684000000001106,
          "failureMessages": [],
          "meta": {}
        },
        {
          "ancestorTitles": ["Supabase Queries - Services", "getServicesByCategory"],
          "fullName": "Supabase Queries - Services getServicesByCategory should return empty array when category not found",
          "status": "passed",
          "title": "should return empty array when category not found",
          "duration": 0.8592000000007829,
          "failureMessages": [],
          "meta": {}
        },
        {
          "ancestorTitles": ["Supabase Queries - Services", "getServicesByCategory"],
          "fullName": "Supabase Queries - Services getServicesByCategory should use browser client when useAuth is false",
          "status": "passed",
          "title": "should use browser client when useAuth is false",
          "duration": 1.236399999999776,
          "failureMessages": [],
          "meta": {}
        },
        {
          "ancestorTitles": ["Supabase Queries - Services", "getServicesByCategory"],
          "fullName": "Supabase Queries - Services getServicesByCategory should handle pagination correctly",
          "status": "passed",
          "title": "should handle pagination correctly",
          "duration": 6.423700000000281,
          "failureMessages": [],
          "meta": {}
        },
        {
          "ancestorTitles": ["Supabase Queries - Services", "getActiveServices"],
          "fullName": "Supabase Queries - Services getActiveServices should return active services excluding AI category",
          "status": "passed",
          "title": "should return active services excluding AI category",
          "duration": 2.128600000000006,
          "failureMessages": [],
          "meta": {}
        },
        {
          "ancestorTitles": ["Supabase Queries - Services", "getActiveServices"],
          "fullName": "Supabase Queries - Services getActiveServices should return services when AI category does not exist",
          "status": "passed",
          "title": "should return services when AI category does not exist",
          "duration": 1.3046000000003914,
          "failureMessages": [],
          "meta": {}
        },
        {
          "ancestorTitles": ["Supabase Queries - Services", "getActiveServices"],
          "fullName": "Supabase Queries - Services getActiveServices should throw error on query failure",
          "status": "passed",
          "title": "should throw error on query failure",
          "duration": 1.3783000000003085,
          "failureMessages": [],
          "meta": {}
        },
        {
          "ancestorTitles": ["Supabase Queries - Services", "getActiveServices"],
          "fullName": "Supabase Queries - Services getActiveServices should add rating and review_count to services",
          "status": "passed",
          "title": "should add rating and review_count to services",
          "duration": 1.5999999999994543,
          "failureMessages": [],
          "meta": {}
        }
      ],
      "startTime": 1765588490886,
      "endTime": 1765588490926.6,
      "status": "passed",
      "message": "",
      "name": "C:/Users/ohyus/talent/src/__tests__/unit/lib/supabase/queries/services.test.ts"
    }
  ]
}
