{"numTotalTestSuites":446,"numPassedTestSuites":395,"numFailedTestSuites":51,"numPendingTestSuites":0,"numTotalTests":1142,"numPassedTests":1117,"numFailedTests":25,"numPendingTests":0,"numTodoTests":0,"snapshot":{"added":0,"failure":false,"filesAdded":0,"filesRemoved":0,"filesRemovedList":[],"filesUnmatched":0,"filesUpdated":0,"matched":0,"total":0,"unchecked":0,"uncheckedKeysByFile":[],"unmatched":0,"updated":0,"didUpdate":false},"startTime":1768483814089,"success":false,"testResults":[{"assertionResults":[{"ancestorTitles":["Integration: Chat Payment Request Flow"],"fullName":"Integration: Chat Payment Request Flow Seller creates a payment request via Modal, API processes it","status":"passed","title":"Seller creates a payment request via Modal, API processes it","duration":1349.1437999999998,"failureMessages":[],"meta":{}}],"startTime":1768483856352,"endTime":1768483857701.1438,"status":"passed","message":"","name":"C:/Users/ohyus/talent/src/__tests__/integration/chat-flow.test.tsx"},{"assertionResults":[{"ancestorTitles":["Integration: Purchase Flow"],"fullName":"Integration: Purchase Flow Component triggers API and processes successful response","status":"passed","title":"Component triggers API and processes successful response","duration":827.7728999999999,"failureMessages":[],"meta":{}},{"ancestorTitles":["Integration: Purchase Flow"],"fullName":"Integration: Purchase Flow Component handles API validation error correctly","status":"passed","title":"Component handles API validation error correctly","duration":81.37790000000041,"failureMessages":[],"meta":{}}],"startTime":1768483856193,"endTime":1768483857102.378,"status":"passed","message":"","name":"C:/Users/ohyus/talent/src/__tests__/integration/purchase-flow.test.tsx"},{"assertionResults":[{"ancestorTitles":["Error utilities","getErrorMessage"],"fullName":"Error utilities getErrorMessage should extract message from Error object","status":"passed","title":"should extract message from Error object","duration":1.4841000000001259,"failureMessages":[],"meta":{}},{"ancestorTitles":["Error utilities","getErrorMessage"],"fullName":"Error utilities getErrorMessage should return string error as is","status":"passed","title":"should return string error as is","duration":0.28650000000016007,"failureMessages":[],"meta":{}},{"ancestorTitles":["Error utilities","getErrorMessage"],"fullName":"Error utilities getErrorMessage should extract message from object with message property","status":"passed","title":"should extract message from object with message property","duration":0.2571000000002641,"failureMessages":[],"meta":{}},{"ancestorTitles":["Error utilities","getErrorMessage"],"fullName":"Error utilities getErrorMessage should return default message for unknown error","status":"passed","title":"should return default message for unknown error","duration":0.21159999999963475,"failureMessages":[],"meta":{}},{"ancestorTitles":["Error utilities","isError"],"fullName":"Error utilities isError should return true for Error objects","status":"passed","title":"should return true for Error objects","duration":0.22430000000031214,"failureMessages":[],"meta":{}},{"ancestorTitles":["Error utilities","isError"],"fullName":"Error utilities isError should return false for non-Error values","status":"passed","title":"should return false for non-Error values","duration":0.21929999999974825,"failureMessages":[],"meta":{}}],"startTime":1768483905047,"endTime":1768483905050.2244,"status":"passed","message":"","name":"C:/Users/ohyus/talent/src/__tests__/lib/error.test.ts"},{"assertionResults":[{"ancestorTitles":["useLoadingStates","initialization"],"fullName":"useLoadingStates initialization should initialize with provided states","status":"passed","title":"should initialize with provided states","duration":28.638200000000325,"failureMessages":[],"meta":{}},{"ancestorTitles":["useLoadingStates","initialization"],"fullName":"useLoadingStates initialization should initialize with all true states","status":"passed","title":"should initialize with all true states","duration":3.373399999999947,"failureMessages":[],"meta":{}},{"ancestorTitles":["useLoadingStates","setLoading"],"fullName":"useLoadingStates setLoading should set a specific state to true","status":"passed","title":"should set a specific state to true","duration":5.285699999999906,"failureMessages":[],"meta":{}},{"ancestorTitles":["useLoadingStates","setLoading"],"fullName":"useLoadingStates setLoading should set a specific state to false","status":"passed","title":"should set a specific state to false","duration":3.1990999999998166,"failureMessages":[],"meta":{}},{"ancestorTitles":["useLoadingStates","setLoading"],"fullName":"useLoadingStates setLoading should allow multiple state changes","status":"passed","title":"should allow multiple state changes","duration":3.4990999999999985,"failureMessages":[],"meta":{}},{"ancestorTitles":["useLoadingStates","withLoading"],"fullName":"useLoadingStates withLoading should set loading false after function execution","status":"passed","title":"should set loading false after function execution","duration":3.313100000000304,"failureMessages":[],"meta":{}},{"ancestorTitles":["useLoadingStates","withLoading"],"fullName":"useLoadingStates withLoading should return the function result","status":"passed","title":"should return the function result","duration":2.7124000000003434,"failureMessages":[],"meta":{}},{"ancestorTitles":["useLoadingStates","withLoading"],"fullName":"useLoadingStates withLoading should set loading false even if function throws","status":"passed","title":"should set loading false even if function throws","duration":4.162299999999959,"failureMessages":[],"meta":{}},{"ancestorTitles":["useLoadingStates","withLoading"],"fullName":"useLoadingStates withLoading should work with async functions","status":"passed","title":"should work with async functions","duration":20.49459999999999,"failureMessages":[],"meta":{}},{"ancestorTitles":["useLoadingStates","resetAll"],"fullName":"useLoadingStates resetAll should reset all states to initial values","status":"passed","title":"should reset all states to initial values","duration":3.018800000000283,"failureMessages":[],"meta":{}},{"ancestorTitles":["useLoadingStates","reset"],"fullName":"useLoadingStates reset should reset only the specified state","status":"passed","title":"should reset only the specified state","duration":2.1889000000001033,"failureMessages":[],"meta":{}}],"startTime":1768483866840,"endTime":1768483866920.189,"status":"passed","message":"","name":"C:/Users/ohyus/talent/src/__tests__/unit/hooks/useLoadingStates.test.ts"},{"assertionResults":[{"ancestorTitles":["usePasswordValidation","minLength validation"],"fullName":"usePasswordValidation minLength validation should fail when password is less than 8 characters","status":"passed","title":"should fail when password is less than 8 characters","duration":51.414400000000114,"failureMessages":[],"meta":{}},{"ancestorTitles":["usePasswordValidation","minLength validation"],"fullName":"usePasswordValidation minLength validation should pass when password is exactly 8 characters","status":"passed","title":"should pass when password is exactly 8 characters","duration":4.80869999999959,"failureMessages":[],"meta":{}},{"ancestorTitles":["usePasswordValidation","minLength validation"],"fullName":"usePasswordValidation minLength validation should pass when password is more than 8 characters","status":"passed","title":"should pass when password is more than 8 characters","duration":4.646600000000035,"failureMessages":[],"meta":{}},{"ancestorTitles":["usePasswordValidation","hasLetter validation"],"fullName":"usePasswordValidation hasLetter validation should fail when password has no letters","status":"passed","title":"should fail when password has no letters","duration":3.63550000000032,"failureMessages":[],"meta":{}},{"ancestorTitles":["usePasswordValidation","hasLetter validation"],"fullName":"usePasswordValidation hasLetter validation should pass when password has lowercase letters","status":"passed","title":"should pass when password has lowercase letters","duration":5.205899999999929,"failureMessages":[],"meta":{}},{"ancestorTitles":["usePasswordValidation","hasLetter validation"],"fullName":"usePasswordValidation hasLetter validation should pass when password has uppercase letters","status":"passed","title":"should pass when password has uppercase letters","duration":2.9913000000005923,"failureMessages":[],"meta":{}},{"ancestorTitles":["usePasswordValidation","hasLetter validation"],"fullName":"usePasswordValidation hasLetter validation should pass when password has mixed case letters","status":"passed","title":"should pass when password has mixed case letters","duration":2.142899999999827,"failureMessages":[],"meta":{}},{"ancestorTitles":["usePasswordValidation","hasNumber validation"],"fullName":"usePasswordValidation hasNumber validation should fail when password has no numbers","status":"passed","title":"should fail when password has no numbers","duration":2.3461999999999534,"failureMessages":[],"meta":{}},{"ancestorTitles":["usePasswordValidation","hasNumber validation"],"fullName":"usePasswordValidation hasNumber validation should pass when password has numbers","status":"passed","title":"should pass when password has numbers","duration":3.636000000000422,"failureMessages":[],"meta":{}},{"ancestorTitles":["usePasswordValidation","hasSpecial validation"],"fullName":"usePasswordValidation hasSpecial validation should fail when password has no special characters","status":"passed","title":"should fail when password has no special characters","duration":2.618399999999383,"failureMessages":[],"meta":{}},{"ancestorTitles":["usePasswordValidation","hasSpecial validation"],"fullName":"usePasswordValidation hasSpecial validation should pass with ! character","status":"passed","title":"should pass with ! character","duration":1.923899999999776,"failureMessages":[],"meta":{}},{"ancestorTitles":["usePasswordValidation","hasSpecial validation"],"fullName":"usePasswordValidation hasSpecial validation should pass with @ character","status":"passed","title":"should pass with @ character","duration":1.76759999999922,"failureMessages":[],"meta":{}},{"ancestorTitles":["usePasswordValidation","hasSpecial validation"],"fullName":"usePasswordValidation hasSpecial validation should pass with # character","status":"passed","title":"should pass with # character","duration":1.9742999999998574,"failureMessages":[],"meta":{}},{"ancestorTitles":["usePasswordValidation","hasSpecial validation"],"fullName":"usePasswordValidation hasSpecial validation should pass with various special characters","status":"passed","title":"should pass with various special characters","duration":36.37530000000061,"failureMessages":[],"meta":{}},{"ancestorTitles":["usePasswordValidation","isPasswordValid"],"fullName":"usePasswordValidation isPasswordValid should be false when empty password","status":"passed","title":"should be false when empty password","duration":3.9604999999992287,"failureMessages":[],"meta":{}},{"ancestorTitles":["usePasswordValidation","isPasswordValid"],"fullName":"usePasswordValidation isPasswordValid should be false when only meeting some criteria","status":"passed","title":"should be false when only meeting some criteria","duration":1.812300000000505,"failureMessages":[],"meta":{}},{"ancestorTitles":["usePasswordValidation","isPasswordValid"],"fullName":"usePasswordValidation isPasswordValid should be true when all criteria are met","status":"passed","title":"should be true when all criteria are met","duration":1.6840000000001965,"failureMessages":[],"meta":{}},{"ancestorTitles":["usePasswordValidation","isPasswordValid"],"fullName":"usePasswordValidation isPasswordValid should be true for complex valid password","status":"passed","title":"should be true for complex valid password","duration":1.4617000000007465,"failureMessages":[],"meta":{}},{"ancestorTitles":["usePasswordValidation","reactivity"],"fullName":"usePasswordValidation reactivity should update when password changes","status":"passed","title":"should update when password changes","duration":4.5919999999996435,"failureMessages":[],"meta":{}}],"startTime":1768483871162,"endTime":1768483871302.592,"status":"passed","message":"","name":"C:/Users/ohyus/talent/src/__tests__/unit/hooks/usePasswordValidation.test.ts"},{"assertionResults":[{"ancestorTitles":["useRateLimiting","initialization"],"fullName":"useRateLimiting initialization should initialize with 0 attempts","status":"passed","title":"should initialize with 0 attempts","duration":36.74990000000071,"failureMessages":[],"meta":{}},{"ancestorTitles":["useRateLimiting","incrementAttempts"],"fullName":"useRateLimiting incrementAttempts should increment attempts count","status":"passed","title":"should increment attempts count","duration":5.888900000000831,"failureMessages":[],"meta":{}},{"ancestorTitles":["useRateLimiting","incrementAttempts"],"fullName":"useRateLimiting incrementAttempts should increment attempts multiple times sequentially","status":"passed","title":"should increment attempts multiple times sequentially","duration":5.006000000000313,"failureMessages":[],"meta":{}},{"ancestorTitles":["useRateLimiting","incrementAttempts"],"fullName":"useRateLimiting incrementAttempts should lock out after max attempts","status":"passed","title":"should lock out after max attempts","duration":4.383499999999913,"failureMessages":[],"meta":{}},{"ancestorTitles":["useRateLimiting","resetAttempts"],"fullName":"useRateLimiting resetAttempts should reset attempts to zero","status":"passed","title":"should reset attempts to zero","duration":23.638300000000527,"failureMessages":[],"meta":{}},{"ancestorTitles":["useRateLimiting","remainingSeconds"],"fullName":"useRateLimiting remainingSeconds should return 0 when not locked out","status":"passed","title":"should return 0 when not locked out","duration":3.9156000000002678,"failureMessages":[],"meta":{}}],"startTime":1768483876038,"endTime":1768483876118.9155,"status":"passed","message":"","name":"C:/Users/ohyus/talent/src/__tests__/unit/hooks/useRateLimiting.test.ts"},{"assertionResults":[{"ancestorTitles":["useYoutubeThumbnail","initialization"],"fullName":"useYoutubeThumbnail initialization should initialize with empty videoId and not loading","status":"passed","title":"should initialize with empty videoId and not loading","duration":31.440599999999904,"failureMessages":[],"meta":{}},{"ancestorTitles":["useYoutubeThumbnail","extractVideoId"],"fullName":"useYoutubeThumbnail extractVideoId should extract video ID from standard YouTube URL","status":"passed","title":"should extract video ID from standard YouTube URL","duration":3.5986000000002605,"failureMessages":[],"meta":{}},{"ancestorTitles":["useYoutubeThumbnail","extractVideoId"],"fullName":"useYoutubeThumbnail extractVideoId should extract video ID from short YouTube URL","status":"passed","title":"should extract video ID from short YouTube URL","duration":3.9020999999993364,"failureMessages":[],"meta":{}},{"ancestorTitles":["useYoutubeThumbnail","extractVideoId"],"fullName":"useYoutubeThumbnail extractVideoId should extract video ID from embed URL","status":"passed","title":"should extract video ID from embed URL","duration":3.536300000000665,"failureMessages":[],"meta":{}},{"ancestorTitles":["useYoutubeThumbnail","extractVideoId"],"fullName":"useYoutubeThumbnail extractVideoId should return null for invalid URL","status":"passed","title":"should return null for invalid URL","duration":4.416199999999662,"failureMessages":[],"meta":{}},{"ancestorTitles":["useYoutubeThumbnail","fetchThumbnail"],"fullName":"useYoutubeThumbnail fetchThumbnail should return null for empty URL","status":"passed","title":"should return null for empty URL","duration":4.117099999999482,"failureMessages":[],"meta":{}},{"ancestorTitles":["useYoutubeThumbnail","fetchThumbnail"],"fullName":"useYoutubeThumbnail fetchThumbnail should return null for invalid YouTube URL","status":"passed","title":"should return null for invalid YouTube URL","duration":2.728900000000067,"failureMessages":[],"meta":{}},{"ancestorTitles":["useYoutubeThumbnail","fetchThumbnail"],"fullName":"useYoutubeThumbnail fetchThumbnail should fetch thumbnail for valid YouTube URL","status":"passed","title":"should fetch thumbnail for valid YouTube URL","duration":5.140900000000329,"failureMessages":[],"meta":{}},{"ancestorTitles":["useYoutubeThumbnail","resetVideoId"],"fullName":"useYoutubeThumbnail resetVideoId should reset videoId to empty string","status":"passed","title":"should reset videoId to empty string","duration":3.4618000000000393,"failureMessages":[],"meta":{}}],"startTime":1768483874243,"endTime":1768483874306.462,"status":"passed","message":"","name":"C:/Users/ohyus/talent/src/__tests__/unit/hooks/useYoutubeThumbnail.test.ts"},{"assertionResults":[{"ancestorTitles":["Categories","getAllCategoriesTree"],"fullName":"Categories getAllCategoriesTree should return tree structure of categories","status":"passed","title":"should return tree structure of categories","duration":6.6302999999998065,"failureMessages":[],"meta":{}},{"ancestorTitles":["Categories","getAllCategoriesTree"],"fullName":"Categories getAllCategoriesTree should return empty array on error","status":"passed","title":"should return empty array on error","duration":2.2164999999995416,"failureMessages":[],"meta":{}},{"ancestorTitles":["Categories","getTopLevelCategories"],"fullName":"Categories getTopLevelCategories should return top level categories","status":"passed","title":"should return top level categories","duration":0.9731000000001586,"failureMessages":[],"meta":{}},{"ancestorTitles":["Categories","getCategoryBySlug"],"fullName":"Categories getCategoryBySlug should return category with children","status":"passed","title":"should return category with children","duration":1.3314000000000306,"failureMessages":[],"meta":{}},{"ancestorTitles":["Categories","getCategoryBySlug"],"fullName":"Categories getCategoryBySlug should return null when category not found","status":"passed","title":"should return null when category not found","duration":0.7766000000001441,"failureMessages":[],"meta":{}},{"ancestorTitles":["Categories","getCategoryPath"],"fullName":"Categories getCategoryPath should return category path using RPC","status":"passed","title":"should return category path using RPC","duration":0.9025000000001455,"failureMessages":[],"meta":{}},{"ancestorTitles":["Categories","getCategoryPath"],"fullName":"Categories getCategoryPath should fallback to manual lookup on RPC error","status":"passed","title":"should fallback to manual lookup on RPC error","duration":0.9809999999997672,"failureMessages":[],"meta":{}}],"startTime":1768483901077,"endTime":1768483901091.981,"status":"passed","message":"","name":"C:/Users/ohyus/talent/src/__tests__/unit/lib/categories.test.ts"},{"assertionResults":[{"ancestorTitles":["constants","AI_TOOLS"],"fullName":"constants AI_TOOLS should have IMAGE tools","status":"passed","title":"should have IMAGE tools","duration":4.096300000000156,"failureMessages":[],"meta":{}},{"ancestorTitles":["constants","AI_TOOLS"],"fullName":"constants AI_TOOLS should have VIDEO tools","status":"passed","title":"should have VIDEO tools","duration":0.8195000000005166,"failureMessages":[],"meta":{}},{"ancestorTitles":["constants","AI_TOOLS"],"fullName":"constants AI_TOOLS should have WRITING tools","status":"passed","title":"should have WRITING tools","duration":0.8846000000003187,"failureMessages":[],"meta":{}},{"ancestorTitles":["constants","AI_TOOLS"],"fullName":"constants AI_TOOLS should have CODING tools","status":"passed","title":"should have CODING tools","duration":0.6367000000000189,"failureMessages":[],"meta":{}},{"ancestorTitles":["constants","AI_TOOLS"],"fullName":"constants AI_TOOLS should have AUDIO tools","status":"passed","title":"should have AUDIO tools","duration":0.5116000000007261,"failureMessages":[],"meta":{}},{"ancestorTitles":["constants","AI_TOOLS"],"fullName":"constants AI_TOOLS should have MUSIC tools","status":"passed","title":"should have MUSIC tools","duration":0.4793999999992593,"failureMessages":[],"meta":{}},{"ancestorTitles":["constants","CATEGORIES"],"fullName":"constants CATEGORIES should have at least one category","status":"passed","title":"should have at least one category","duration":0.3063000000001921,"failureMessages":[],"meta":{}},{"ancestorTitles":["constants","CATEGORIES"],"fullName":"constants CATEGORIES should have AI and non-AI categories","status":"passed","title":"should have AI and non-AI categories","duration":0.3676999999997861,"failureMessages":[],"meta":{}},{"ancestorTitles":["constants","CATEGORIES"],"fullName":"constants CATEGORIES should have required fields for each category","status":"passed","title":"should have required fields for each category","duration":1.7165999999997439,"failureMessages":[],"meta":{}},{"ancestorTitles":["constants","CATEGORIES"],"fullName":"constants CATEGORIES should have AI Image/Design category with children","status":"passed","title":"should have AI Image/Design category with children","duration":0.6011999999991531,"failureMessages":[],"meta":{}},{"ancestorTitles":["constants","PACKAGE_TYPES"],"fullName":"constants PACKAGE_TYPES should have all package types","status":"passed","title":"should have all package types","duration":0.6427999999996246,"failureMessages":[],"meta":{}},{"ancestorTitles":["constants","ORDER_STATUS"],"fullName":"constants ORDER_STATUS should have all order statuses","status":"passed","title":"should have all order statuses","duration":0.5401000000001659,"failureMessages":[],"meta":{}},{"ancestorTitles":["constants","SERVICE_STATUS"],"fullName":"constants SERVICE_STATUS should have all service statuses","status":"passed","title":"should have all service statuses","duration":0.4050999999999476,"failureMessages":[],"meta":{}}],"startTime":1768483902512,"endTime":1768483902524.54,"status":"passed","message":"","name":"C:/Users/ohyus/talent/src/__tests__/unit/lib/constants.test.ts"},{"assertionResults":[{"ancestorTitles":["error utilities","getErrorMessage"],"fullName":"error utilities getErrorMessage should return message from Error instance","status":"passed","title":"should return message from Error instance","duration":2.5388999999995576,"failureMessages":[],"meta":{}},{"ancestorTitles":["error utilities","getErrorMessage"],"fullName":"error utilities getErrorMessage should return string directly if error is a string","status":"passed","title":"should return string directly if error is a string","duration":0.4521999999997206,"failureMessages":[],"meta":{}},{"ancestorTitles":["error utilities","getErrorMessage"],"fullName":"error utilities getErrorMessage should return message from object with message property","status":"passed","title":"should return message from object with message property","duration":0.4508000000005268,"failureMessages":[],"meta":{}},{"ancestorTitles":["error utilities","getErrorMessage"],"fullName":"error utilities getErrorMessage should return default message for null","status":"passed","title":"should return default message for null","duration":0.3192000000008193,"failureMessages":[],"meta":{}},{"ancestorTitles":["error utilities","getErrorMessage"],"fullName":"error utilities getErrorMessage should return default message for undefined","status":"passed","title":"should return default message for undefined","duration":0.300399999999172,"failureMessages":[],"meta":{}},{"ancestorTitles":["error utilities","getErrorMessage"],"fullName":"error utilities getErrorMessage should return default message for number","status":"passed","title":"should return default message for number","duration":0.229099999999562,"failureMessages":[],"meta":{}},{"ancestorTitles":["error utilities","getErrorMessage"],"fullName":"error utilities getErrorMessage should return default message for object without message","status":"passed","title":"should return default message for object without message","duration":0.2319999999999709,"failureMessages":[],"meta":{}},{"ancestorTitles":["error utilities","getErrorMessage"],"fullName":"error utilities getErrorMessage should convert non-string message to string","status":"passed","title":"should convert non-string message to string","duration":0.1989000000003216,"failureMessages":[],"meta":{}},{"ancestorTitles":["error utilities","isError"],"fullName":"error utilities isError should return true for Error instance","status":"passed","title":"should return true for Error instance","duration":0.5924999999997453,"failureMessages":[],"meta":{}},{"ancestorTitles":["error utilities","isError"],"fullName":"error utilities isError should return true for TypeError","status":"passed","title":"should return true for TypeError","duration":0.36669999999958236,"failureMessages":[],"meta":{}},{"ancestorTitles":["error utilities","isError"],"fullName":"error utilities isError should return true for custom Error subclass","status":"passed","title":"should return true for custom Error subclass","duration":0.31009999999969295,"failureMessages":[],"meta":{}},{"ancestorTitles":["error utilities","isError"],"fullName":"error utilities isError should return false for string","status":"passed","title":"should return false for string","duration":0.1984999999995125,"failureMessages":[],"meta":{}},{"ancestorTitles":["error utilities","isError"],"fullName":"error utilities isError should return false for object with message","status":"passed","title":"should return false for object with message","duration":0.14170000000012806,"failureMessages":[],"meta":{}},{"ancestorTitles":["error utilities","isError"],"fullName":"error utilities isError should return false for null","status":"passed","title":"should return false for null","duration":0.140400000000227,"failureMessages":[],"meta":{}},{"ancestorTitles":["error utilities","isError"],"fullName":"error utilities isError should return false for undefined","status":"passed","title":"should return false for undefined","duration":0.1702000000004773,"failureMessages":[],"meta":{}},{"ancestorTitles":["error utilities","isError"],"fullName":"error utilities isError should return false for number","status":"passed","title":"should return false for number","duration":0.2539999999999054,"failureMessages":[],"meta":{}}],"startTime":1768483903263,"endTime":1768483903271.254,"status":"passed","message":"","name":"C:/Users/ohyus/talent/src/__tests__/unit/lib/error.test.ts"},{"assertionResults":[{"ancestorTitles":["Notifications","createNotification"],"fullName":"Notifications createNotification should create notification successfully","status":"passed","title":"should create notification successfully","duration":6.33640000000014,"failureMessages":[],"meta":{}},{"ancestorTitles":["Notifications","createNotification"],"fullName":"Notifications createNotification should return null on error","status":"passed","title":"should return null on error","duration":1.3016999999999825,"failureMessages":[],"meta":{}},{"ancestorTitles":["Notifications","notifyNewOrder"],"fullName":"Notifications notifyNewOrder should create new order notification","status":"passed","title":"should create new order notification","duration":3.690799999999399,"failureMessages":[],"meta":{}},{"ancestorTitles":["Notifications","notifyPaymentReceived"],"fullName":"Notifications notifyPaymentReceived should create payment received notification","status":"passed","title":"should create payment received notification","duration":39.47569999999996,"failureMessages":[],"meta":{}},{"ancestorTitles":["Notifications","notifyOrderCancelled"],"fullName":"Notifications notifyOrderCancelled should create order cancelled notification","status":"passed","title":"should create order cancelled notification","duration":0.9966000000003987,"failureMessages":[],"meta":{}},{"ancestorTitles":["Notifications","notifyWorkCompleted"],"fullName":"Notifications notifyWorkCompleted should create work completed notification","status":"passed","title":"should create work completed notification","duration":2.780000000000655,"failureMessages":[],"meta":{}},{"ancestorTitles":["Notifications","notifyOrderConfirmed"],"fullName":"Notifications notifyOrderConfirmed should create order confirmed notification","status":"passed","title":"should create order confirmed notification","duration":1.0708999999997104,"failureMessages":[],"meta":{}},{"ancestorTitles":["Notifications","notifyNewReview"],"fullName":"Notifications notifyNewReview should create new review notification","status":"passed","title":"should create new review notification","duration":0.8707000000003973,"failureMessages":[],"meta":{}},{"ancestorTitles":["Notifications","notifyNewMessage"],"fullName":"Notifications notifyNewMessage should create new message notification","status":"passed","title":"should create new message notification","duration":2.028599999999642,"failureMessages":[],"meta":{}}],"startTime":1768483875998,"endTime":1768483876058.0286,"status":"passed","message":"","name":"C:/Users/ohyus/talent/src/__tests__/unit/lib/notifications.test.ts"},{"assertionResults":[{"ancestorTitles":["rate-limit.ts","isRedisConfigured"],"fullName":"rate-limit.ts isRedisConfigured should return true when both Redis URL and token are set","status":"passed","title":"should return true when both Redis URL and token are set","duration":4.222000000000207,"failureMessages":[],"meta":{}},{"ancestorTitles":["rate-limit.ts","isRedisConfigured"],"fullName":"rate-limit.ts isRedisConfigured should return false when Redis URL is missing","status":"passed","title":"should return false when Redis URL is missing","duration":1.6941999999999098,"failureMessages":[],"meta":{}},{"ancestorTitles":["rate-limit.ts","isRedisConfigured"],"fullName":"rate-limit.ts isRedisConfigured should return false when Redis token is missing","status":"passed","title":"should return false when Redis token is missing","duration":1.618800000000192,"failureMessages":[],"meta":{}},{"ancestorTitles":["rate-limit.ts","isRedisConfigured"],"fullName":"rate-limit.ts isRedisConfigured should return false when both are missing","status":"passed","title":"should return false when both are missing","duration":1.9237000000002809,"failureMessages":[],"meta":{}},{"ancestorTitles":["rate-limit.ts","isRedisConfigured"],"fullName":"rate-limit.ts isRedisConfigured should return false when variables are undefined","status":"passed","title":"should return false when variables are undefined","duration":2.220600000000104,"failureMessages":[],"meta":{}},{"ancestorTitles":["rate-limit.ts","checkRateLimit"],"fullName":"rate-limit.ts checkRateLimit should allow request when rate limit is not exceeded","status":"passed","title":"should allow request when rate limit is not exceeded","duration":4.344500000000153,"failureMessages":[],"meta":{}},{"ancestorTitles":["rate-limit.ts","checkRateLimit"],"fullName":"rate-limit.ts checkRateLimit should block request when rate limit is exceeded","status":"passed","title":"should block request when rate limit is exceeded","duration":7.848599999999806,"failureMessages":[],"meta":{}},{"ancestorTitles":["rate-limit.ts","checkRateLimit"],"fullName":"rate-limit.ts checkRateLimit should include rate limit headers in error response","status":"passed","title":"should include rate limit headers in error response","duration":2.2124000000003434,"failureMessages":[],"meta":{}},{"ancestorTitles":["rate-limit.ts","checkRateLimit"],"fullName":"rate-limit.ts checkRateLimit should fallback to allowing request when Redis fails","status":"passed","title":"should fallback to allowing request when Redis fails","duration":2.4554000000007363,"failureMessages":[],"meta":{}},{"ancestorTitles":["rate-limit.ts","checkRateLimit"],"fullName":"rate-limit.ts checkRateLimit should handle timeout errors gracefully","status":"passed","title":"should handle timeout errors gracefully","duration":1.876100000000406,"failureMessages":[],"meta":{}},{"ancestorTitles":["rate-limit.ts","checkRateLimit"],"fullName":"rate-limit.ts checkRateLimit should handle network errors gracefully","status":"passed","title":"should handle network errors gracefully","duration":1.617099999999482,"failureMessages":[],"meta":{}},{"ancestorTitles":["rate-limit.ts","checkRateLimit"],"fullName":"rate-limit.ts checkRateLimit should call limiter with correct identifier","status":"passed","title":"should call limiter with correct identifier","duration":2.9081999999998516,"failureMessages":[],"meta":{}},{"ancestorTitles":["rate-limit.ts","checkRateLimit"],"fullName":"rate-limit.ts checkRateLimit should handle zero remaining requests","status":"passed","title":"should handle zero remaining requests","duration":3.3284999999996217,"failureMessages":[],"meta":{}},{"ancestorTitles":["rate-limit.ts","checkRateLimit"],"fullName":"rate-limit.ts checkRateLimit should handle maximum limit correctly","status":"passed","title":"should handle maximum limit correctly","duration":6.3609000000005835,"failureMessages":[],"meta":{}},{"ancestorTitles":["rate-limit.ts","checkRateLimit"],"fullName":"rate-limit.ts checkRateLimit should format reset time as ISO string in response","status":"passed","title":"should format reset time as ISO string in response","duration":3.2422999999998865,"failureMessages":[],"meta":{}},{"ancestorTitles":["rate-limit.ts","Rate Limiter Instances"],"fullName":"rate-limit.ts Rate Limiter Instances should have paymentPrepareRateLimit defined","status":"passed","title":"should have paymentPrepareRateLimit defined","duration":1.3384000000005472,"failureMessages":[],"meta":{}},{"ancestorTitles":["rate-limit.ts","Rate Limiter Instances"],"fullName":"rate-limit.ts Rate Limiter Instances should have paymentVerifyRateLimit defined","status":"passed","title":"should have paymentVerifyRateLimit defined","duration":1.6141999999999825,"failureMessages":[],"meta":{}},{"ancestorTitles":["rate-limit.ts","Rate Limiter Instances"],"fullName":"rate-limit.ts Rate Limiter Instances should have directPurchaseRateLimit defined","status":"passed","title":"should have directPurchaseRateLimit defined","duration":1.6566000000002532,"failureMessages":[],"meta":{}},{"ancestorTitles":["rate-limit.ts","Rate Limiter Instances"],"fullName":"rate-limit.ts Rate Limiter Instances should have orderStatusRateLimit defined","status":"passed","title":"should have orderStatusRateLimit defined","duration":1.546400000000176,"failureMessages":[],"meta":{}},{"ancestorTitles":["rate-limit.ts","Rate Limiter Instances"],"fullName":"rate-limit.ts Rate Limiter Instances should have limit method on all rate limiters","status":"passed","title":"should have limit method on all rate limiters","duration":1.3829999999998108,"failureMessages":[],"meta":{}},{"ancestorTitles":["rate-limit.ts","Edge Cases"],"fullName":"rate-limit.ts Edge Cases should handle empty string identifier","status":"passed","title":"should handle empty string identifier","duration":2.761800000000221,"failureMessages":[],"meta":{}},{"ancestorTitles":["rate-limit.ts","Edge Cases"],"fullName":"rate-limit.ts Edge Cases should handle very long identifier","status":"passed","title":"should handle very long identifier","duration":1.560099999999693,"failureMessages":[],"meta":{}},{"ancestorTitles":["rate-limit.ts","Edge Cases"],"fullName":"rate-limit.ts Edge Cases should handle special characters in identifier","status":"passed","title":"should handle special characters in identifier","duration":2.2872999999999593,"failureMessages":[],"meta":{}},{"ancestorTitles":["rate-limit.ts","Edge Cases"],"fullName":"rate-limit.ts Edge Cases should handle concurrent requests to same identifier","status":"passed","title":"should handle concurrent requests to same identifier","duration":2.962999999999738,"failureMessages":[],"meta":{}},{"ancestorTitles":["rate-limit.ts","Edge Cases"],"fullName":"rate-limit.ts Edge Cases should handle rate limiter returning undefined values","status":"passed","title":"should handle rate limiter returning undefined values","duration":2.9526999999998225,"failureMessages":[],"meta":{}},{"ancestorTitles":["rate-limit.ts","Edge Cases"],"fullName":"rate-limit.ts Edge Cases should handle rate limiter returning negative values","status":"passed","title":"should handle rate limiter returning negative values","duration":2.4304000000001906,"failureMessages":[],"meta":{}},{"ancestorTitles":["rate-limit.ts","Edge Cases"],"fullName":"rate-limit.ts Edge Cases should handle promise rejection with non-Error object","status":"passed","title":"should handle promise rejection with non-Error object","duration":1.8205000000007203,"failureMessages":[],"meta":{}},{"ancestorTitles":["rate-limit.ts","Edge Cases"],"fullName":"rate-limit.ts Edge Cases should handle promise rejection with null","status":"passed","title":"should handle promise rejection with null","duration":1.7554999999993015,"failureMessages":[],"meta":{}},{"ancestorTitles":["rate-limit.ts","Edge Cases"],"fullName":"rate-limit.ts Edge Cases should handle large reset timestamp","status":"passed","title":"should handle large reset timestamp","duration":3.8364000000001397,"failureMessages":[],"meta":{}}],"startTime":1768483873443,"endTime":1768483873522.8364,"status":"passed","message":"","name":"C:/Users/ohyus/talent/src/__tests__/unit/lib/rate-limit.test.ts"},{"assertionResults":[{"ancestorTitles":["template-generator","BACKGROUND_TEMPLATES"],"fullName":"template-generator BACKGROUND_TEMPLATES should have 20 templates","status":"passed","title":"should have 20 templates","duration":2.912800000000061,"failureMessages":[],"meta":{}},{"ancestorTitles":["template-generator","BACKGROUND_TEMPLATES"],"fullName":"template-generator BACKGROUND_TEMPLATES should have unique ids","status":"passed","title":"should have unique ids","duration":0.538600000000315,"failureMessages":[],"meta":{}},{"ancestorTitles":["template-generator","BACKGROUND_TEMPLATES"],"fullName":"template-generator BACKGROUND_TEMPLATES should have required properties for each template","status":"passed","title":"should have required properties for each template","duration":4.50649999999996,"failureMessages":[],"meta":{}},{"ancestorTitles":["template-generator","BACKGROUND_TEMPLATES"],"fullName":"template-generator BACKGROUND_TEMPLATES should have linear templates with angles","status":"passed","title":"should have linear templates with angles","duration":1.8829000000000633,"failureMessages":[],"meta":{}},{"ancestorTitles":["template-generator","BACKGROUND_TEMPLATES"],"fullName":"template-generator BACKGROUND_TEMPLATES should have radial templates","status":"passed","title":"should have radial templates","duration":0.4719000000000051,"failureMessages":[],"meta":{}},{"ancestorTitles":["template-generator","BACKGROUND_TEMPLATES"],"fullName":"template-generator BACKGROUND_TEMPLATES should have valid hex color codes","status":"passed","title":"should have valid hex color codes","duration":2.0726999999997133,"failureMessages":[],"meta":{}},{"ancestorTitles":["template-generator","createGradientBackground"],"fullName":"template-generator createGradientBackground should create canvas with default dimensions","status":"passed","title":"should create canvas with default dimensions","duration":9.680499999999938,"failureMessages":[],"meta":{}},{"ancestorTitles":["template-generator","createGradientBackground"],"fullName":"template-generator createGradientBackground should create canvas with custom dimensions","status":"passed","title":"should create canvas with custom dimensions","duration":0.6657000000000153,"failureMessages":[],"meta":{}},{"ancestorTitles":["template-generator","createGradientBackground"],"fullName":"template-generator createGradientBackground should create linear gradient for linear type","status":"passed","title":"should create linear gradient for linear type","duration":0.6065999999996166,"failureMessages":[],"meta":{}},{"ancestorTitles":["template-generator","createGradientBackground"],"fullName":"template-generator createGradientBackground should create radial gradient for radial type","status":"passed","title":"should create radial gradient for radial type","duration":0.5619000000001506,"failureMessages":[],"meta":{}},{"ancestorTitles":["template-generator","createGradientBackground"],"fullName":"template-generator createGradientBackground should fill the canvas with gradient","status":"passed","title":"should fill the canvas with gradient","duration":0.5720999999998639,"failureMessages":[],"meta":{}},{"ancestorTitles":["template-generator","createTemplatePreview"],"fullName":"template-generator createTemplatePreview should create preview with default dimensions","status":"passed","title":"should create preview with default dimensions","duration":0.6911000000000058,"failureMessages":[],"meta":{}},{"ancestorTitles":["template-generator","createTemplatePreview"],"fullName":"template-generator createTemplatePreview should create preview with custom dimensions","status":"passed","title":"should create preview with custom dimensions","duration":0.3890999999998712,"failureMessages":[],"meta":{}},{"ancestorTitles":["template-generator","generateThumbnailWithText"],"fullName":"template-generator generateThumbnailWithText should generate thumbnail with text overlay","status":"passed","title":"should generate thumbnail with text overlay","duration":1.6552999999998974,"failureMessages":[],"meta":{}},{"ancestorTitles":["template-generator","generateThumbnailWithText"],"fullName":"template-generator generateThumbnailWithText should apply text shadow when specified","status":"passed","title":"should apply text shadow when specified","duration":0.6453999999998814,"failureMessages":[],"meta":{}},{"ancestorTitles":["template-generator","generateThumbnailWithText"],"fullName":"template-generator generateThumbnailWithText should set font properties correctly","status":"passed","title":"should set font properties correctly","duration":0.7033999999998741,"failureMessages":[],"meta":{}},{"ancestorTitles":["template-generator","generateThumbnailWithText"],"fullName":"template-generator generateThumbnailWithText should handle custom dimensions","status":"passed","title":"should handle custom dimensions","duration":0.7140999999996893,"failureMessages":[],"meta":{}},{"ancestorTitles":["template-generator","generateThumbnailWithText"],"fullName":"template-generator generateThumbnailWithText should reject when blob creation fails","status":"passed","title":"should reject when blob creation fails","duration":3.0399999999999636,"failureMessages":[],"meta":{}}],"startTime":1768483884952,"endTime":1768483884985.04,"status":"passed","message":"","name":"C:/Users/ohyus/talent/src/__tests__/unit/lib/template-generator.test.ts"},{"assertionResults":[{"ancestorTitles":["transaction.ts","createOrderWithIdempotency"],"fullName":"transaction.ts createOrderWithIdempotency should return existing order when idempotency key already exists","status":"passed","title":"should return existing order when idempotency key already exists","duration":6.797199999999975,"failureMessages":[],"meta":{}},{"ancestorTitles":["transaction.ts","createOrderWithIdempotency"],"fullName":"transaction.ts createOrderWithIdempotency should create new order when idempotency key does not exist","status":"passed","title":"should create new order when idempotency key does not exist","duration":2.1849999999994907,"failureMessages":[],"meta":{}},{"ancestorTitles":["transaction.ts","createOrderWithIdempotency"],"fullName":"transaction.ts createOrderWithIdempotency should handle race condition with unique constraint violation","status":"passed","title":"should handle race condition with unique constraint violation","duration":1.1900000000005093,"failureMessages":[],"meta":{}},{"ancestorTitles":["transaction.ts","createOrderWithIdempotency"],"fullName":"transaction.ts createOrderWithIdempotency should return error when check query fails","status":"passed","title":"should return error when check query fails","duration":0.6940999999997075,"failureMessages":[],"meta":{}},{"ancestorTitles":["transaction.ts","createOrderWithIdempotency"],"fullName":"transaction.ts createOrderWithIdempotency should return error when insert fails with non-constraint error","status":"passed","title":"should return error when insert fails with non-constraint error","duration":0.7330000000001746,"failureMessages":[],"meta":{}},{"ancestorTitles":["transaction.ts","createOrderWithIdempotency"],"fullName":"transaction.ts createOrderWithIdempotency should pass through additional order data fields","status":"passed","title":"should pass through additional order data fields","duration":1.4011000000000422,"failureMessages":[],"meta":{}},{"ancestorTitles":["transaction.ts","createPaymentWithIdempotency"],"fullName":"transaction.ts createPaymentWithIdempotency should return existing payment when payment_id already exists","status":"passed","title":"should return existing payment when payment_id already exists","duration":1.3199000000004162,"failureMessages":[],"meta":{}},{"ancestorTitles":["transaction.ts","createPaymentWithIdempotency"],"fullName":"transaction.ts createPaymentWithIdempotency should create new payment when payment_id does not exist","status":"passed","title":"should create new payment when payment_id does not exist","duration":1.1890999999995984,"failureMessages":[],"meta":{}},{"ancestorTitles":["transaction.ts","createPaymentWithIdempotency"],"fullName":"transaction.ts createPaymentWithIdempotency should handle race condition with payment_id constraint violation","status":"passed","title":"should handle race condition with payment_id constraint violation","duration":0.9398999999993976,"failureMessages":[],"meta":{}},{"ancestorTitles":["transaction.ts","createPaymentWithIdempotency"],"fullName":"transaction.ts createPaymentWithIdempotency should return error when check query fails","status":"passed","title":"should return error when check query fails","duration":1.0433000000002721,"failureMessages":[],"meta":{}},{"ancestorTitles":["transaction.ts","createPaymentWithIdempotency"],"fullName":"transaction.ts createPaymentWithIdempotency should return error when insert fails with non-constraint error","status":"passed","title":"should return error when insert fails with non-constraint error","duration":0.8249999999998181,"failureMessages":[],"meta":{}},{"ancestorTitles":["transaction.ts","createPaymentWithIdempotency"],"fullName":"transaction.ts createPaymentWithIdempotency should pass through additional payment data fields","status":"passed","title":"should pass through additional payment data fields","duration":0.7860000000000582,"failureMessages":[],"meta":{}},{"ancestorTitles":["transaction.ts","updateOrderStatusWithLocking"],"fullName":"transaction.ts updateOrderStatusWithLocking should successfully update order status with matching timestamp","status":"passed","title":"should successfully update order status with matching timestamp","duration":1.4916999999995824,"failureMessages":[],"meta":{}},{"ancestorTitles":["transaction.ts","updateOrderStatusWithLocking"],"fullName":"transaction.ts updateOrderStatusWithLocking should fail with optimistic lock error when timestamp does not match","status":"passed","title":"should fail with optimistic lock error when timestamp does not match","duration":0.8731000000007043,"failureMessages":[],"meta":{}},{"ancestorTitles":["transaction.ts","updateOrderStatusWithLocking"],"fullName":"transaction.ts updateOrderStatusWithLocking should return error message for other database errors","status":"passed","title":"should return error message for other database errors","duration":0.9539000000004307,"failureMessages":[],"meta":{}},{"ancestorTitles":["transaction.ts","updateOrderStatusWithLocking"],"fullName":"transaction.ts updateOrderStatusWithLocking should update with current timestamp","status":"passed","title":"should update with current timestamp","duration":2.2015999999994165,"failureMessages":[],"meta":{}},{"ancestorTitles":["transaction.ts","deductCreditWithLocking"],"fullName":"transaction.ts deductCreditWithLocking should successfully deduct credit","status":"passed","title":"should successfully deduct credit","duration":1.073699999999917,"failureMessages":[],"meta":{}},{"ancestorTitles":["transaction.ts","deductCreditWithLocking"],"fullName":"transaction.ts deductCreditWithLocking should return error when RPC call fails","status":"passed","title":"should return error when RPC call fails","duration":0.5675000000001091,"failureMessages":[],"meta":{}},{"ancestorTitles":["transaction.ts","deductCreditWithLocking"],"fullName":"transaction.ts deductCreditWithLocking should handle RPC response with error field","status":"passed","title":"should handle RPC response with error field","duration":0.4786000000003696,"failureMessages":[],"meta":{}},{"ancestorTitles":["transaction.ts","deductCreditWithLocking"],"fullName":"transaction.ts deductCreditWithLocking should handle null error field in successful response","status":"passed","title":"should handle null error field in successful response","duration":0.5016999999998006,"failureMessages":[],"meta":{}}],"startTime":1768483885219,"endTime":1768483885248.5017,"status":"passed","message":"","name":"C:/Users/ohyus/talent/src/__tests__/unit/lib/transaction.test.ts"},{"assertionResults":[{"ancestorTitles":["Admin Analytics API","GET /api/admin/analytics"],"fullName":"Admin Analytics API GET /api/admin/analytics should return 401 if not authenticated","status":"failed","title":"should return 401 if not authenticated","duration":37.23819999999978,"failureMessages":["AssertionError: expected 'Unauthorized' to be '로그인이 필요합니다' // Object.is equality\n    at C:/Users/ohyus/talent/src/__tests__/unit/api/admin/analytics.test.ts:63:26\n    at processTicksAndRejections (node:internal/process/task_queues:105:5)\n    at file:///C:/Users/ohyus/talent/node_modules/@vitest/runner/dist/index.js:753:20"],"meta":{}},{"ancestorTitles":["Admin Analytics API","GET /api/admin/analytics"],"fullName":"Admin Analytics API GET /api/admin/analytics should return 403 if not admin","status":"passed","title":"should return 403 if not admin","duration":1.9457999999995081,"failureMessages":[],"meta":{}},{"ancestorTitles":["Admin Analytics API","GET /api/admin/analytics"],"fullName":"Admin Analytics API GET /api/admin/analytics should return analytics data for day period","status":"passed","title":"should return analytics data for day period","duration":20.345900000000256,"failureMessages":[],"meta":{}},{"ancestorTitles":["Admin Analytics API","GET /api/admin/analytics"],"fullName":"Admin Analytics API GET /api/admin/analytics should return analytics data for hour period","status":"passed","title":"should return analytics data for hour period","duration":2.425799999999981,"failureMessages":[],"meta":{}},{"ancestorTitles":["Admin Analytics API","GET /api/admin/analytics"],"fullName":"Admin Analytics API GET /api/admin/analytics should return analytics data for month period","status":"passed","title":"should return analytics data for month period","duration":2.501600000000508,"failureMessages":[],"meta":{}},{"ancestorTitles":["Admin Analytics API","GET /api/admin/analytics"],"fullName":"Admin Analytics API GET /api/admin/analytics should return analytics data for year period","status":"passed","title":"should return analytics data for year period","duration":2.854000000000269,"failureMessages":[],"meta":{}},{"ancestorTitles":["Admin Analytics API","GET /api/admin/analytics"],"fullName":"Admin Analytics API GET /api/admin/analytics should return 400 for invalid period","status":"passed","title":"should return 400 for invalid period","duration":1.6301000000003114,"failureMessages":[],"meta":{}},{"ancestorTitles":["Admin Analytics API","GET /api/admin/analytics"],"fullName":"Admin Analytics API GET /api/admin/analytics should handle path filter parameter","status":"passed","title":"should handle path filter parameter","duration":4.531299999999646,"failureMessages":[],"meta":{}},{"ancestorTitles":["Admin Analytics API","GET /api/admin/analytics"],"fullName":"Admin Analytics API GET /api/admin/analytics should handle database errors","status":"passed","title":"should handle database errors","duration":1.2794000000003507,"failureMessages":[],"meta":{}},{"ancestorTitles":["Admin Analytics API","POST /api/admin/analytics (Top Pages)"],"fullName":"Admin Analytics API POST /api/admin/analytics (Top Pages) should return top pages","status":"passed","title":"should return top pages","duration":3.387499999999818,"failureMessages":[],"meta":{}},{"ancestorTitles":["Admin Analytics API","POST /api/admin/analytics (Top Pages)"],"fullName":"Admin Analytics API POST /api/admin/analytics (Top Pages) should respect limit parameter","status":"passed","title":"should respect limit parameter","duration":1.7124999999996362,"failureMessages":[],"meta":{}}],"startTime":1768483827361,"endTime":1768483827440.7124,"status":"failed","message":"","name":"C:/Users/ohyus/talent/src/__tests__/unit/api/admin/analytics.test.ts"},{"assertionResults":[{"ancestorTitles":["Admin Categories API","GET /api/admin/categories"],"fullName":"Admin Categories API GET /api/admin/categories should return 401 if not admin","status":"failed","title":"should return 401 if not admin","duration":50.62279999999919,"failureMessages":["AssertionError: expected 'Unauthorized' to be '로그인이 필요합니다' // Object.is equality\n    at C:/Users/ohyus/talent/src/__tests__/unit/api/admin/categories.test.ts:45:26\n    at processTicksAndRejections (node:internal/process/task_queues:105:5)\n    at file:///C:/Users/ohyus/talent/node_modules/@vitest/runner/dist/index.js:753:20"],"meta":{}},{"ancestorTitles":["Admin Categories API","GET /api/admin/categories"],"fullName":"Admin Categories API GET /api/admin/categories should return 403 if not admin (forbidden)","status":"passed","title":"should return 403 if not admin (forbidden)","duration":2.1480000000001382,"failureMessages":[],"meta":{}},{"ancestorTitles":["Admin Categories API","GET /api/admin/categories"],"fullName":"Admin Categories API GET /api/admin/categories should return categories list","status":"passed","title":"should return categories list","duration":3.2547999999997046,"failureMessages":[],"meta":{}},{"ancestorTitles":["Admin Categories API","GET /api/admin/categories"],"fullName":"Admin Categories API GET /api/admin/categories should include inactive categories when requested","status":"passed","title":"should include inactive categories when requested","duration":2.2249999999994543,"failureMessages":[],"meta":{}},{"ancestorTitles":["Admin Categories API","POST /api/admin/categories"],"fullName":"Admin Categories API POST /api/admin/categories should return 400 if name is missing","status":"passed","title":"should return 400 if name is missing","duration":2.2594000000008236,"failureMessages":[],"meta":{}},{"ancestorTitles":["Admin Categories API","POST /api/admin/categories"],"fullName":"Admin Categories API POST /api/admin/categories should return 409 if slug already exists","status":"passed","title":"should return 409 if slug already exists","duration":1.6766999999999825,"failureMessages":[],"meta":{}},{"ancestorTitles":["Admin Categories API","POST /api/admin/categories"],"fullName":"Admin Categories API POST /api/admin/categories should create category successfully","status":"passed","title":"should create category successfully","duration":1.9917000000004919,"failureMessages":[],"meta":{}},{"ancestorTitles":["Admin Categories API","PATCH /api/admin/categories"],"fullName":"Admin Categories API PATCH /api/admin/categories should return 400 if id is missing","status":"passed","title":"should return 400 if id is missing","duration":2.055199999999786,"failureMessages":[],"meta":{}},{"ancestorTitles":["Admin Categories API","PATCH /api/admin/categories"],"fullName":"Admin Categories API PATCH /api/admin/categories should return 409 if new slug already exists","status":"passed","title":"should return 409 if new slug already exists","duration":70.10369999999966,"failureMessages":[],"meta":{}},{"ancestorTitles":["Admin Categories API","PATCH /api/admin/categories"],"fullName":"Admin Categories API PATCH /api/admin/categories should update category successfully","status":"passed","title":"should update category successfully","duration":2.0936000000001513,"failureMessages":[],"meta":{}},{"ancestorTitles":["Admin Categories API","DELETE /api/admin/categories"],"fullName":"Admin Categories API DELETE /api/admin/categories should return 400 if id is missing","status":"passed","title":"should return 400 if id is missing","duration":1.3744999999998981,"failureMessages":[],"meta":{}},{"ancestorTitles":["Admin Categories API","DELETE /api/admin/categories"],"fullName":"Admin Categories API DELETE /api/admin/categories should return 400 if category has subcategories","status":"passed","title":"should return 400 if category has subcategories","duration":0.9678999999996449,"failureMessages":[],"meta":{}},{"ancestorTitles":["Admin Categories API","DELETE /api/admin/categories"],"fullName":"Admin Categories API DELETE /api/admin/categories should return 400 if category has associated services","status":"passed","title":"should return 400 if category has associated services","duration":1.00420000000031,"failureMessages":[],"meta":{}},{"ancestorTitles":["Admin Categories API","DELETE /api/admin/categories"],"fullName":"Admin Categories API DELETE /api/admin/categories should delete category successfully","status":"passed","title":"should delete category successfully","duration":3.4760000000005675,"failureMessages":[],"meta":{}}],"startTime":1768483827346,"endTime":1768483827492.476,"status":"failed","message":"","name":"C:/Users/ohyus/talent/src/__tests__/unit/api/admin/categories.test.ts"},{"assertionResults":[{"ancestorTitles":["Admin Device Analytics API","GET /api/admin/analytics/devices"],"fullName":"Admin Device Analytics API GET /api/admin/analytics/devices should return 401 if not authenticated","status":"failed","title":"should return 401 if not authenticated","duration":23.308799999999792,"failureMessages":["AssertionError: expected 'Unauthorized' to be '로그인이 필요합니다' // Object.is equality\n    at C:/Users/ohyus/talent/src/__tests__/unit/api/admin/devices.test.ts:57:26\n    at processTicksAndRejections (node:internal/process/task_queues:105:5)\n    at file:///C:/Users/ohyus/talent/node_modules/@vitest/runner/dist/index.js:753:20"],"meta":{}},{"ancestorTitles":["Admin Device Analytics API","GET /api/admin/analytics/devices"],"fullName":"Admin Device Analytics API GET /api/admin/analytics/devices should return device stats","status":"passed","title":"should return device stats","duration":2.9940999999998894,"failureMessages":[],"meta":{}},{"ancestorTitles":["Admin Device Analytics API","GET /api/admin/analytics/devices"],"fullName":"Admin Device Analytics API GET /api/admin/analytics/devices should handle different periods","status":"passed","title":"should handle different periods","duration":6.107099999999264,"failureMessages":[],"meta":{}},{"ancestorTitles":["Admin Device Analytics API","GET /api/admin/analytics/devices"],"fullName":"Admin Device Analytics API GET /api/admin/analytics/devices should handle null device types as desktop","status":"passed","title":"should handle null device types as desktop","duration":1.5074000000004162,"failureMessages":[],"meta":{}},{"ancestorTitles":["Admin Device Analytics API","GET /api/admin/analytics/devices"],"fullName":"Admin Device Analytics API GET /api/admin/analytics/devices should handle database errors","status":"passed","title":"should handle database errors","duration":1.436200000000099,"failureMessages":[],"meta":{}}],"startTime":1768483832014,"endTime":1768483832049.4363,"status":"failed","message":"","name":"C:/Users/ohyus/talent/src/__tests__/unit/api/admin/devices.test.ts"},{"assertionResults":[{"ancestorTitles":["Analytics Track API","POST /api/analytics/track"],"fullName":"Analytics Track API POST /api/analytics/track should track page view for anonymous user","status":"passed","title":"should track page view for anonymous user","duration":20.833800000000338,"failureMessages":[],"meta":{}},{"ancestorTitles":["Analytics Track API","POST /api/analytics/track"],"fullName":"Analytics Track API POST /api/analytics/track should track page view for authenticated user","status":"passed","title":"should track page view for authenticated user","duration":3.514100000000326,"failureMessages":[],"meta":{}},{"ancestorTitles":["Analytics Track API","POST /api/analytics/track"],"fullName":"Analytics Track API POST /api/analytics/track should return 400 if path is missing","status":"passed","title":"should return 400 if path is missing","duration":2.067500000000109,"failureMessages":[],"meta":{}},{"ancestorTitles":["Analytics Track API","POST /api/analytics/track"],"fullName":"Analytics Track API POST /api/analytics/track should detect mobile device","status":"passed","title":"should detect mobile device","duration":4.67659999999978,"failureMessages":[],"meta":{}},{"ancestorTitles":["Analytics Track API","POST /api/analytics/track"],"fullName":"Analytics Track API POST /api/analytics/track should detect tablet device","status":"passed","title":"should detect tablet device","duration":2.483400000000074,"failureMessages":[],"meta":{}},{"ancestorTitles":["Analytics Track API","POST /api/analytics/track"],"fullName":"Analytics Track API POST /api/analytics/track should detect bot","status":"passed","title":"should detect bot","duration":1.766700000000128,"failureMessages":[],"meta":{}},{"ancestorTitles":["Analytics Track API","POST /api/analytics/track"],"fullName":"Analytics Track API POST /api/analytics/track should get client IP from x-forwarded-for header","status":"passed","title":"should get client IP from x-forwarded-for header","duration":1.8757999999997992,"failureMessages":[],"meta":{}},{"ancestorTitles":["Analytics Track API","POST /api/analytics/track"],"fullName":"Analytics Track API POST /api/analytics/track should handle database errors silently","status":"passed","title":"should handle database errors silently","duration":1.5325000000002547,"failureMessages":[],"meta":{}},{"ancestorTitles":["Analytics Track API","POST /api/analytics/track"],"fullName":"Analytics Track API POST /api/analytics/track should set session cookie","status":"passed","title":"should set session cookie","duration":1.906500000000051,"failureMessages":[],"meta":{}}],"startTime":1768483878080,"endTime":1768483878120.9065,"status":"passed","message":"","name":"C:/Users/ohyus/talent/src/__tests__/unit/api/analytics/track.test.ts"},{"assertionResults":[{"ancestorTitles":["Check Email API","POST /api/auth/check-email"],"fullName":"Check Email API POST /api/auth/check-email should return 400 if email is missing","status":"passed","title":"should return 400 if email is missing","duration":12.502900000000409,"failureMessages":[],"meta":{}},{"ancestorTitles":["Check Email API","POST /api/auth/check-email"],"fullName":"Check Email API POST /api/auth/check-email should return available true when email does not exist","status":"passed","title":"should return available true when email does not exist","duration":6.23660000000018,"failureMessages":[],"meta":{}},{"ancestorTitles":["Check Email API","POST /api/auth/check-email"],"fullName":"Check Email API POST /api/auth/check-email should return available false when email already exists","status":"passed","title":"should return available false when email already exists","duration":1.7593999999999141,"failureMessages":[],"meta":{}},{"ancestorTitles":["Check Email API","POST /api/auth/check-email"],"fullName":"Check Email API POST /api/auth/check-email should handle RPC error","status":"passed","title":"should handle RPC error","duration":1.9553999999998268,"failureMessages":[],"meta":{}},{"ancestorTitles":["Check Email API","POST /api/auth/check-email"],"fullName":"Check Email API POST /api/auth/check-email should handle unexpected errors","status":"passed","title":"should handle unexpected errors","duration":3.1023999999997613,"failureMessages":[],"meta":{}}],"startTime":1768483889366,"endTime":1768483889392.1023,"status":"passed","message":"","name":"C:/Users/ohyus/talent/src/__tests__/unit/api/auth/check-email.test.ts"},{"assertionResults":[{"ancestorTitles":["Chat Favorites API","POST /api/chat/favorites"],"fullName":"Chat Favorites API POST /api/chat/favorites should return 401 if user is not authenticated","status":"passed","title":"should return 401 if user is not authenticated","duration":21.438000000000102,"failureMessages":[],"meta":{}},{"ancestorTitles":["Chat Favorites API","POST /api/chat/favorites"],"fullName":"Chat Favorites API POST /api/chat/favorites should return 400 if room_id is missing","status":"passed","title":"should return 400 if room_id is missing","duration":2.8517000000001644,"failureMessages":[],"meta":{}},{"ancestorTitles":["Chat Favorites API","POST /api/chat/favorites"],"fullName":"Chat Favorites API POST /api/chat/favorites should add favorite when not exists","status":"passed","title":"should add favorite when not exists","duration":2.398699999999735,"failureMessages":[],"meta":{}},{"ancestorTitles":["Chat Favorites API","POST /api/chat/favorites"],"fullName":"Chat Favorites API POST /api/chat/favorites should remove favorite when exists","status":"passed","title":"should remove favorite when exists","duration":1.852100000000064,"failureMessages":[],"meta":{}},{"ancestorTitles":["Chat Favorites API","POST /api/chat/favorites"],"fullName":"Chat Favorites API POST /api/chat/favorites should handle insert error","status":"passed","title":"should handle insert error","duration":2.3244999999997162,"failureMessages":[],"meta":{}}],"startTime":1768483887462,"endTime":1768483887493.3245,"status":"passed","message":"","name":"C:/Users/ohyus/talent/src/__tests__/unit/api/chat/favorites.test.ts"},{"assertionResults":[{"ancestorTitles":["Chat Mark Read API","POST /api/chat/messages/mark-read"],"fullName":"Chat Mark Read API POST /api/chat/messages/mark-read should return 401 if user is not authenticated","status":"passed","title":"should return 401 if user is not authenticated","duration":18.14130000000023,"failureMessages":[],"meta":{}},{"ancestorTitles":["Chat Mark Read API","POST /api/chat/messages/mark-read"],"fullName":"Chat Mark Read API POST /api/chat/messages/mark-read should return 400 if room_id is missing","status":"passed","title":"should return 400 if room_id is missing","duration":2.6575000000002547,"failureMessages":[],"meta":{}},{"ancestorTitles":["Chat Mark Read API","POST /api/chat/messages/mark-read"],"fullName":"Chat Mark Read API POST /api/chat/messages/mark-read should mark messages as read successfully","status":"passed","title":"should mark messages as read successfully","duration":3.0852999999997337,"failureMessages":[],"meta":{}},{"ancestorTitles":["Chat Mark Read API","POST /api/chat/messages/mark-read"],"fullName":"Chat Mark Read API POST /api/chat/messages/mark-read should handle update error","status":"passed","title":"should handle update error","duration":2.3890999999994165,"failureMessages":[],"meta":{}}],"startTime":1768483892025,"endTime":1768483892051.3892,"status":"passed","message":"","name":"C:/Users/ohyus/talent/src/__tests__/unit/api/chat/mark-read.test.ts"},{"assertionResults":[{"ancestorTitles":["Chat Messages API","GET /api/chat/messages"],"fullName":"Chat Messages API GET /api/chat/messages should return 401 if user is not authenticated","status":"failed","title":"should return 401 if user is not authenticated","duration":27.702500000000327,"failureMessages":["AssertionError: expected 'Unauthorized' to be '로그인이 필요합니다' // Object.is equality\n    at C:/Users/ohyus/talent/src/__tests__/unit/api/chat/messages.test.ts:51:26\n    at processTicksAndRejections (node:internal/process/task_queues:105:5)\n    at file:///C:/Users/ohyus/talent/node_modules/@vitest/runner/dist/index.js:753:20"],"meta":{}},{"ancestorTitles":["Chat Messages API","GET /api/chat/messages"],"fullName":"Chat Messages API GET /api/chat/messages should return 400 if room_id is missing","status":"passed","title":"should return 400 if room_id is missing","duration":2.3082000000003973,"failureMessages":[],"meta":{}},{"ancestorTitles":["Chat Messages API","GET /api/chat/messages"],"fullName":"Chat Messages API GET /api/chat/messages should return messages for valid room_id","status":"passed","title":"should return messages for valid room_id","duration":2.6380999999992127,"failureMessages":[],"meta":{}},{"ancestorTitles":["Chat Messages API","GET /api/chat/messages"],"fullName":"Chat Messages API GET /api/chat/messages should handle database errors gracefully","status":"passed","title":"should handle database errors gracefully","duration":1.4049000000004526,"failureMessages":[],"meta":{}},{"ancestorTitles":["Chat Messages API","POST /api/chat/messages"],"fullName":"Chat Messages API POST /api/chat/messages should return 401 if user is not authenticated","status":"failed","title":"should return 401 if user is not authenticated","duration":3.4956999999994878,"failureMessages":["AssertionError: expected 'Unauthorized' to be '로그인이 필요합니다' // Object.is equality\n    at C:/Users/ohyus/talent/src/__tests__/unit/api/chat/messages.test.ts:147:26\n    at processTicksAndRejections (node:internal/process/task_queues:105:5)\n    at file:///C:/Users/ohyus/talent/node_modules/@vitest/runner/dist/index.js:753:20"],"meta":{}},{"ancestorTitles":["Chat Messages API","POST /api/chat/messages"],"fullName":"Chat Messages API POST /api/chat/messages should return 400 if room_id is missing","status":"passed","title":"should return 400 if room_id is missing","duration":1.9282000000002881,"failureMessages":[],"meta":{}},{"ancestorTitles":["Chat Messages API","POST /api/chat/messages"],"fullName":"Chat Messages API POST /api/chat/messages should return 400 if message and file are both missing","status":"passed","title":"should return 400 if message and file are both missing","duration":1.8911999999991167,"failureMessages":[],"meta":{}},{"ancestorTitles":["Chat Messages API","POST /api/chat/messages"],"fullName":"Chat Messages API POST /api/chat/messages should create message successfully","status":"passed","title":"should create message successfully","duration":2.2861999999995533,"failureMessages":[],"meta":{}},{"ancestorTitles":["Chat Messages API","POST /api/chat/messages"],"fullName":"Chat Messages API POST /api/chat/messages should handle file uploads","status":"passed","title":"should handle file uploads","duration":1.9812000000001717,"failureMessages":[],"meta":{}}],"startTime":1768483831764,"endTime":1768483831809.9812,"status":"failed","message":"","name":"C:/Users/ohyus/talent/src/__tests__/unit/api/chat/messages.test.ts"},{"assertionResults":[{"ancestorTitles":["Chat Rooms API","GET /api/chat/rooms"],"fullName":"Chat Rooms API GET /api/chat/rooms should return 401 if not authenticated","status":"passed","title":"should return 401 if not authenticated","duration":17.073600000000624,"failureMessages":[],"meta":{}},{"ancestorTitles":["Chat Rooms API","GET /api/chat/rooms"],"fullName":"Chat Rooms API GET /api/chat/rooms should return empty rooms array when no rooms exist","status":"passed","title":"should return empty rooms array when no rooms exist","duration":3.9393999999992957,"failureMessages":[],"meta":{}},{"ancestorTitles":["Chat Rooms API","POST /api/chat/rooms"],"fullName":"Chat Rooms API POST /api/chat/rooms should return 401 if not authenticated","status":"passed","title":"should return 401 if not authenticated","duration":2.5082000000002154,"failureMessages":[],"meta":{}},{"ancestorTitles":["Chat Rooms API","POST /api/chat/rooms"],"fullName":"Chat Rooms API POST /api/chat/rooms should return 400 if no seller_id or other_user_id provided","status":"passed","title":"should return 400 if no seller_id or other_user_id provided","duration":2.4549999999999272,"failureMessages":[],"meta":{}}],"startTime":1768483891211,"endTime":1768483891237.455,"status":"passed","message":"","name":"C:/Users/ohyus/talent/src/__tests__/unit/api/chat/rooms.test.ts"},{"assertionResults":[{"ancestorTitles":["Chat Search API","GET /api/chat/search"],"fullName":"Chat Search API GET /api/chat/search should return 401 if user is not authenticated","status":"passed","title":"should return 401 if user is not authenticated","duration":16.684400000000096,"failureMessages":[],"meta":{}},{"ancestorTitles":["Chat Search API","GET /api/chat/search"],"fullName":"Chat Search API GET /api/chat/search should return empty roomIds when no query","status":"passed","title":"should return empty roomIds when no query","duration":3.160700000000361,"failureMessages":[],"meta":{}},{"ancestorTitles":["Chat Search API","GET /api/chat/search"],"fullName":"Chat Search API GET /api/chat/search should return empty roomIds when user has no chat rooms","status":"passed","title":"should return empty roomIds when user has no chat rooms","duration":2.7364000000006854,"failureMessages":[],"meta":{}},{"ancestorTitles":["Chat Search API","GET /api/chat/search"],"fullName":"Chat Search API GET /api/chat/search should return matching roomIds","status":"passed","title":"should return matching roomIds","duration":4.6185999999997875,"failureMessages":[],"meta":{}},{"ancestorTitles":["Chat Search API","GET /api/chat/search"],"fullName":"Chat Search API GET /api/chat/search should handle empty search results","status":"passed","title":"should handle empty search results","duration":2.20049999999992,"failureMessages":[],"meta":{}},{"ancestorTitles":["Chat Search API","GET /api/chat/search"],"fullName":"Chat Search API GET /api/chat/search should handle unexpected errors","status":"passed","title":"should handle unexpected errors","duration":9.654000000000451,"failureMessages":[],"meta":{}}],"startTime":1768483878541,"endTime":1768483878580.654,"status":"passed","message":"","name":"C:/Users/ohyus/talent/src/__tests__/unit/api/chat/search.test.ts"},{"assertionResults":[{"ancestorTitles":["Chat Unread Count API","GET /api/chat/unread-count"],"fullName":"Chat Unread Count API GET /api/chat/unread-count should return 401 if user is not authenticated","status":"passed","title":"should return 401 if user is not authenticated","duration":12.927900000000136,"failureMessages":[],"meta":{}},{"ancestorTitles":["Chat Unread Count API","GET /api/chat/unread-count"],"fullName":"Chat Unread Count API GET /api/chat/unread-count should return 0 when user has no rooms","status":"passed","title":"should return 0 when user has no rooms","duration":2.0144000000000233,"failureMessages":[],"meta":{}},{"ancestorTitles":["Chat Unread Count API","GET /api/chat/unread-count"],"fullName":"Chat Unread Count API GET /api/chat/unread-count should count rooms with unread messages","status":"failed","title":"should count rooms with unread messages","duration":22.017299999999977,"failureMessages":["AssertionError: expected 500 to be 200 // Object.is equality\n    at C:/Users/ohyus/talent/src/__tests__/unit/api/chat/unread-count.test.ts:90:31\n    at processTicksAndRejections (node:internal/process/task_queues:105:5)\n    at file:///C:/Users/ohyus/talent/node_modules/@vitest/runner/dist/index.js:753:20"],"meta":{}},{"ancestorTitles":["Chat Unread Count API","GET /api/chat/unread-count"],"fullName":"Chat Unread Count API GET /api/chat/unread-count should handle database error","status":"passed","title":"should handle database error","duration":1.5267999999996391,"failureMessages":[],"meta":{}}],"startTime":1768483832019,"endTime":1768483832057.5269,"status":"failed","message":"","name":"C:/Users/ohyus/talent/src/__tests__/unit/api/chat/unread-count.test.ts"},{"assertionResults":[{"ancestorTitles":["Buyer Orders Count API","GET /api/orders/buyer/count"],"fullName":"Buyer Orders Count API GET /api/orders/buyer/count should return 401 if user is not authenticated","status":"passed","title":"should return 401 if user is not authenticated","duration":15.968399999999747,"failureMessages":[],"meta":{}},{"ancestorTitles":["Buyer Orders Count API","GET /api/orders/buyer/count"],"fullName":"Buyer Orders Count API GET /api/orders/buyer/count should return order counts by status","status":"passed","title":"should return order counts by status","duration":3.9582000000000335,"failureMessages":[],"meta":{}},{"ancestorTitles":["Buyer Orders Count API","GET /api/orders/buyer/count"],"fullName":"Buyer Orders Count API GET /api/orders/buyer/count should return zero counts when no orders","status":"passed","title":"should return zero counts when no orders","duration":2.119699999999284,"failureMessages":[],"meta":{}},{"ancestorTitles":["Buyer Orders Count API","GET /api/orders/buyer/count"],"fullName":"Buyer Orders Count API GET /api/orders/buyer/count should handle database error","status":"passed","title":"should handle database error","duration":2.3552999999992608,"failureMessages":[],"meta":{}},{"ancestorTitles":["Buyer Orders Count API","GET /api/orders/buyer/count"],"fullName":"Buyer Orders Count API GET /api/orders/buyer/count should handle unexpected errors","status":"passed","title":"should handle unexpected errors","duration":1.8713999999999942,"failureMessages":[],"meta":{}}],"startTime":1768483886640,"endTime":1768483886666.8713,"status":"passed","message":"","name":"C:/Users/ohyus/talent/src/__tests__/unit/api/orders/buyer-count.test.ts"},{"assertionResults":[{"ancestorTitles":["Buyer Orders API","GET /api/orders/buyer"],"fullName":"Buyer Orders API GET /api/orders/buyer should return all orders for the buyer","status":"passed","title":"should return all orders for the buyer","duration":17.294799999999668,"failureMessages":[],"meta":{}},{"ancestorTitles":["Buyer Orders API","GET /api/orders/buyer"],"fullName":"Buyer Orders API GET /api/orders/buyer should handle status filter parameter","status":"passed","title":"should handle status filter parameter","duration":8.238500000000386,"failureMessages":[],"meta":{}},{"ancestorTitles":["Buyer Orders API","GET /api/orders/buyer"],"fullName":"Buyer Orders API GET /api/orders/buyer should return all statuses when status=all","status":"passed","title":"should return all statuses when status=all","duration":5.8388999999997395,"failureMessages":[],"meta":{}},{"ancestorTitles":["Buyer Orders API","GET /api/orders/buyer"],"fullName":"Buyer Orders API GET /api/orders/buyer should handle database errors","status":"passed","title":"should handle database errors","duration":2.2755999999999403,"failureMessages":[],"meta":{}},{"ancestorTitles":["Buyer Orders API","GET /api/orders/buyer"],"fullName":"Buyer Orders API GET /api/orders/buyer should include service and seller relations","status":"passed","title":"should include service and seller relations","duration":1.4540999999999258,"failureMessages":[],"meta":{}}],"startTime":1768483883011,"endTime":1768483883046.454,"status":"passed","message":"","name":"C:/Users/ohyus/talent/src/__tests__/unit/api/orders/buyer-orders.test.ts"},{"assertionResults":[{"ancestorTitles":["Buyer Orders API","GET /api/orders/buyer"],"fullName":"Buyer Orders API GET /api/orders/buyer should return buyer orders","status":"passed","title":"should return buyer orders","duration":18.232899999999972,"failureMessages":[],"meta":{}},{"ancestorTitles":["Buyer Orders API","GET /api/orders/buyer"],"fullName":"Buyer Orders API GET /api/orders/buyer should filter by status","status":"passed","title":"should filter by status","duration":2.6322000000000116,"failureMessages":[],"meta":{}},{"ancestorTitles":["Buyer Orders API","GET /api/orders/buyer"],"fullName":"Buyer Orders API GET /api/orders/buyer should handle database error","status":"passed","title":"should handle database error","duration":2.47340000000
[...]
Interest should return empty array when RPC returns error","status":"passed","title":"should return empty array when RPC returns error","duration":0.9200000000000728,"failureMessages":[],"meta":{}},{"ancestorTitles":["Supabase Queries - Personalized Services","getPersonalizedServicesByInterest"],"fullName":"Supabase Queries - Personalized Services getPersonalizedServicesByInterest should return personalized services for level 3 category","status":"passed","title":"should return personalized services for level 3 category","duration":3.3530000000000655,"failureMessages":[],"meta":{}},{"ancestorTitles":["Supabase Queries - Personalized Services","getPersonalizedServicesByInterest"],"fullName":"Supabase Queries - Personalized Services getPersonalizedServicesByInterest should return personalized services for level 2 category","status":"passed","title":"should return personalized services for level 2 category","duration":1.7771999999995387,"failureMessages":[],"meta":{}},{"ancestorTitles":["Supabase Queries - Personalized Services","getPersonalizedServicesByInterest"],"fullName":"Supabase Queries - Personalized Services getPersonalizedServicesByInterest should return personalized services for level 1 category","status":"passed","title":"should return personalized services for level 1 category","duration":2.249800000000505,"failureMessages":[],"meta":{}},{"ancestorTitles":["Supabase Queries - Personalized Services","getPersonalizedServicesByInterest"],"fullName":"Supabase Queries - Personalized Services getPersonalizedServicesByInterest should handle services with advertising","status":"passed","title":"should handle services with advertising","duration":2.4237999999995736,"failureMessages":[],"meta":{}},{"ancestorTitles":["Supabase Queries - Personalized Services","getPersonalizedServicesByInterest"],"fullName":"Supabase Queries - Personalized Services getPersonalizedServicesByInterest should handle errors gracefully and return empty array","status":"passed","title":"should handle errors gracefully and return empty array","duration":0.9516999999996187,"failureMessages":[],"meta":{}},{"ancestorTitles":["Supabase Queries - Personalized Services","getPersonalizedServicesByInterest"],"fullName":"Supabase Queries - Personalized Services getPersonalizedServicesByInterest should return empty services when category info not found","status":"passed","title":"should return empty services when category info not found","duration":1.2448000000003958,"failureMessages":[],"meta":{}},{"ancestorTitles":["Supabase Queries - Personalized Services","getPersonalizedServicesByInterest"],"fullName":"Supabase Queries - Personalized Services getPersonalizedServicesByInterest should calculate rating and review_count for services","status":"passed","title":"should calculate rating and review_count for services","duration":2.0987999999997555,"failureMessages":[],"meta":{}}],"startTime":1768483894047,"endTime":1768483894071.0989,"status":"passed","message":"","name":"C:/Users/ohyus/talent/src/__tests__/unit/lib/supabase/queries/personalized-services.test.ts"},{"assertionResults":[{"ancestorTitles":["Quotes Queries","getBuyerQuotes"],"fullName":"Quotes Queries getBuyerQuotes should return buyer quotes with response count","status":"passed","title":"should return buyer quotes with response count","duration":4.837100000000646,"failureMessages":[],"meta":{}},{"ancestorTitles":["Quotes Queries","getBuyerQuotes"],"fullName":"Quotes Queries getBuyerQuotes should throw error on database failure","status":"passed","title":"should throw error on database failure","duration":3.1411000000007334,"failureMessages":[],"meta":{}},{"ancestorTitles":["Quotes Queries","getSellerQuotes"],"fullName":"Quotes Queries getSellerQuotes should return pending quotes for sellers","status":"passed","title":"should return pending quotes for sellers","duration":1.1434999999992215,"failureMessages":[],"meta":{}},{"ancestorTitles":["Quotes Queries","getSellerQuotes"],"fullName":"Quotes Queries getSellerQuotes should respect limit parameter","status":"passed","title":"should respect limit parameter","duration":2.1017000000001644,"failureMessages":[],"meta":{}},{"ancestorTitles":["Quotes Queries","getSellerQuotes"],"fullName":"Quotes Queries getSellerQuotes should throw error on database failure","status":"passed","title":"should throw error on database failure","duration":0.7870000000002619,"failureMessages":[],"meta":{}},{"ancestorTitles":["Quotes Queries","getQuoteResponses"],"fullName":"Quotes Queries getQuoteResponses should return responses for a quote","status":"passed","title":"should return responses for a quote","duration":0.9989999999997963,"failureMessages":[],"meta":{}},{"ancestorTitles":["Quotes Queries","getQuoteResponses"],"fullName":"Quotes Queries getQuoteResponses should throw error on database failure","status":"passed","title":"should throw error on database failure","duration":0.6781999999993786,"failureMessages":[],"meta":{}}],"startTime":1768483898536,"endTime":1768483898549.6782,"status":"passed","message":"","name":"C:/Users/ohyus/talent/src/__tests__/unit/lib/supabase/queries/quotes.test.ts"},{"assertionResults":[{"ancestorTitles":["reviews queries","getBuyerReviews"],"fullName":"reviews queries getBuyerReviews should fetch reviews written by a buyer","status":"passed","title":"should fetch reviews written by a buyer","duration":6.9562000000005355,"failureMessages":[],"meta":{}},{"ancestorTitles":["reviews queries","getBuyerReviews"],"fullName":"reviews queries getBuyerReviews should return empty array on error","status":"passed","title":"should return empty array on error","duration":1.3444999999992433,"failureMessages":[],"meta":{}},{"ancestorTitles":["reviews queries","getBuyerReviews"],"fullName":"reviews queries getBuyerReviews should return empty array when data is null","status":"passed","title":"should return empty array when data is null","duration":0.674300000000585,"failureMessages":[],"meta":{}},{"ancestorTitles":["reviews queries","getSellerReviews"],"fullName":"reviews queries getSellerReviews should fetch reviews received by a seller","status":"passed","title":"should fetch reviews received by a seller","duration":1.0877000000000407,"failureMessages":[],"meta":{}},{"ancestorTitles":["reviews queries","getSellerReviews"],"fullName":"reviews queries getSellerReviews should throw error when query fails","status":"passed","title":"should throw error when query fails","duration":2.9287999999996828,"failureMessages":[],"meta":{}},{"ancestorTitles":["reviews queries","getPendingReviews"],"fullName":"reviews queries getPendingReviews should fetch completed orders without reviews","status":"passed","title":"should fetch completed orders without reviews","duration":1.8109999999996944,"failureMessages":[],"meta":{}},{"ancestorTitles":["reviews queries","getPendingReviews"],"fullName":"reviews queries getPendingReviews should return empty array on error","status":"passed","title":"should return empty array on error","duration":0.7362999999995736,"failureMessages":[],"meta":{}},{"ancestorTitles":["reviews queries","getPendingReviews"],"fullName":"reviews queries getPendingReviews should return empty array when no pending reviews","status":"passed","title":"should return empty array when no pending reviews","duration":0.5954000000001543,"failureMessages":[],"meta":{}}],"startTime":1768483899037,"endTime":1768483899054.5955,"status":"passed","message":"","name":"C:/Users/ohyus/talent/src/__tests__/unit/lib/supabase/queries/reviews.test.ts"},{"assertionResults":[{"ancestorTitles":["search queries","searchAll"],"fullName":"search queries searchAll should search for services, experts, and portfolios","status":"passed","title":"should search for services, experts, and portfolios","duration":6.301199999999881,"failureMessages":[],"meta":{}},{"ancestorTitles":["search queries","searchAll"],"fullName":"search queries searchAll should return empty results on error","status":"passed","title":"should return empty results on error","duration":2.1022000000002663,"failureMessages":[],"meta":{}},{"ancestorTitles":["search queries","getRecommendedSearchTerms"],"fullName":"search queries getRecommendedSearchTerms should return recommended search terms based on category clicks","status":"passed","title":"should return recommended search terms based on category clicks","duration":2.8833000000004176,"failureMessages":[],"meta":{}},{"ancestorTitles":["search queries","getRecommendedSearchTerms"],"fullName":"search queries getRecommendedSearchTerms should return empty array when no category clicks","status":"passed","title":"should return empty array when no category clicks","duration":0.5995999999995547,"failureMessages":[],"meta":{}},{"ancestorTitles":["search queries","getRecommendedSearchTerms"],"fullName":"search queries getRecommendedSearchTerms should return empty array on error","status":"passed","title":"should return empty array on error","duration":0.8850999999995111,"failureMessages":[],"meta":{}},{"ancestorTitles":["search queries","getRecommendedSearchTerms"],"fullName":"search queries getRecommendedSearchTerms should filter only level 3 categories","status":"passed","title":"should filter only level 3 categories","duration":0.8487000000004628,"failureMessages":[],"meta":{}}],"startTime":1768483900393,"endTime":1768483900406.8486,"status":"passed","message":"","name":"C:/Users/ohyus/talent/src/__tests__/unit/lib/supabase/queries/search.test.ts"},{"assertionResults":[{"ancestorTitles":["Supabase Queries - Services","getSellerServices"],"fullName":"Supabase Queries - Services getSellerServices should return seller services without status filter","status":"passed","title":"should return seller services without status filter","duration":7.217800000000352,"failureMessages":[],"meta":{}},{"ancestorTitles":["Supabase Queries - Services","getSellerServices"],"fullName":"Supabase Queries - Services getSellerServices should filter by status when provided","status":"passed","title":"should filter by status when provided","duration":1.9715000000005602,"failureMessages":[],"meta":{}},{"ancestorTitles":["Supabase Queries - Services","getSellerServices"],"fullName":"Supabase Queries - Services getSellerServices should not filter by status when status is \"all\"","status":"passed","title":"should not filter by status when status is \"all\"","duration":1.2706000000007407,"failureMessages":[],"meta":{}},{"ancestorTitles":["Supabase Queries - Services","getSellerServices"],"fullName":"Supabase Queries - Services getSellerServices should throw error on query failure","status":"passed","title":"should throw error on query failure","duration":1.6546999999991385,"failureMessages":[],"meta":{}},{"ancestorTitles":["Supabase Queries - Services","getServiceById"],"fullName":"Supabase Queries - Services getServiceById should return service with seller and category information","status":"passed","title":"should return service with seller and category information","duration":2.0852999999997337,"failureMessages":[],"meta":{}},{"ancestorTitles":["Supabase Queries - Services","getServiceById"],"fullName":"Supabase Queries - Services getServiceById should return service without user data if user query fails","status":"passed","title":"should return service without user data if user query fails","duration":0.9356000000007043,"failureMessages":[],"meta":{}},{"ancestorTitles":["Supabase Queries - Services","getServiceById"],"fullName":"Supabase Queries - Services getServiceById should throw error on query failure","status":"passed","title":"should throw error on query failure","duration":0.7201999999997497,"failureMessages":[],"meta":{}},{"ancestorTitles":["Supabase Queries - Services","getSellerServicesCount"],"fullName":"Supabase Queries - Services getSellerServicesCount should return count of seller services with status","status":"passed","title":"should return count of seller services with status","duration":1.0749000000005253,"failureMessages":[],"meta":{}},{"ancestorTitles":["Supabase Queries - Services","getSellerServicesCount"],"fullName":"Supabase Queries - Services getSellerServicesCount should return 0 when no services found","status":"passed","title":"should return 0 when no services found","duration":0.8139000000001033,"failureMessages":[],"meta":{}},{"ancestorTitles":["Supabase Queries - Services","getSellerServicesCount"],"fullName":"Supabase Queries - Services getSellerServicesCount should throw error on query failure","status":"passed","title":"should throw error on query failure","duration":0.7946000000001732,"failureMessages":[],"meta":{}},{"ancestorTitles":["Supabase Queries - Services","getServicesByCategory"],"fullName":"Supabase Queries - Services getServicesByCategory should return services for a 3rd level category","status":"passed","title":"should return services for a 3rd level category","duration":2.301100000000588,"failureMessages":[],"meta":{}},{"ancestorTitles":["Supabase Queries - Services","getServicesByCategory"],"fullName":"Supabase Queries - Services getServicesByCategory should return empty array when category not found","status":"passed","title":"should return empty array when category not found","duration":0.6859999999996944,"failureMessages":[],"meta":{}},{"ancestorTitles":["Supabase Queries - Services","getServicesByCategory"],"fullName":"Supabase Queries - Services getServicesByCategory should use browser client when useAuth is false","status":"passed","title":"should use browser client when useAuth is false","duration":1.3329000000003361,"failureMessages":[],"meta":{}},{"ancestorTitles":["Supabase Queries - Services","getServicesByCategory"],"fullName":"Supabase Queries - Services getServicesByCategory should handle pagination correctly","status":"passed","title":"should handle pagination correctly","duration":5.596299999999246,"failureMessages":[],"meta":{}},{"ancestorTitles":["Supabase Queries - Services","getActiveServices"],"fullName":"Supabase Queries - Services getActiveServices should return active services excluding AI category","status":"passed","title":"should return active services excluding AI category","duration":1.6472999999996318,"failureMessages":[],"meta":{}},{"ancestorTitles":["Supabase Queries - Services","getActiveServices"],"fullName":"Supabase Queries - Services getActiveServices should return services when AI category does not exist","status":"passed","title":"should return services when AI category does not exist","duration":1.2537999999995009,"failureMessages":[],"meta":{}},{"ancestorTitles":["Supabase Queries - Services","getActiveServices"],"fullName":"Supabase Queries - Services getActiveServices should throw error on query failure","status":"passed","title":"should throw error on query failure","duration":1.4821000000001732,"failureMessages":[],"meta":{}},{"ancestorTitles":["Supabase Queries - Services","getActiveServices"],"fullName":"Supabase Queries - Services getActiveServices should add rating and review_count to services","status":"passed","title":"should add rating and review_count to services","duration":1.8299999999999272,"failureMessages":[],"meta":{}}],"startTime":1768483880938,"endTime":1768483880973.83,"status":"passed","message":"","name":"C:/Users/ohyus/talent/src/__tests__/unit/lib/supabase/queries/services.test.ts"},{"assertionResults":[{"ancestorTitles":["Orders Mutations","confirmOrder"],"fullName":"Orders Mutations confirmOrder should confirm order successfully","status":"passed","title":"should confirm order successfully","duration":7.5086999999998625,"failureMessages":[],"meta":{}},{"ancestorTitles":["Orders Mutations","confirmOrder"],"fullName":"Orders Mutations confirmOrder should throw error on API failure","status":"passed","title":"should throw error on API failure","duration":3.083099999999831,"failureMessages":[],"meta":{}},{"ancestorTitles":["Orders Mutations","requestRevision"],"fullName":"Orders Mutations requestRevision should request revision successfully","status":"passed","title":"should request revision successfully","duration":1.9555999999997766,"failureMessages":[],"meta":{}},{"ancestorTitles":["Orders Mutations","requestRevision"],"fullName":"Orders Mutations requestRevision should throw error on database failure","status":"passed","title":"should throw error on database failure","duration":1.0304999999998472,"failureMessages":[],"meta":{}},{"ancestorTitles":["Orders Mutations","cancelOrder"],"fullName":"Orders Mutations cancelOrder should cancel order successfully","status":"passed","title":"should cancel order successfully","duration":0.7313999999996668,"failureMessages":[],"meta":{}},{"ancestorTitles":["Orders Mutations","cancelOrder"],"fullName":"Orders Mutations cancelOrder should throw error on database failure","status":"passed","title":"should throw error on database failure","duration":0.7743000000000393,"failureMessages":[],"meta":{}},{"ancestorTitles":["Orders Mutations","updateOrderStatus"],"fullName":"Orders Mutations updateOrderStatus should update order status successfully","status":"passed","title":"should update order status successfully","duration":1.4076000000000022,"failureMessages":[],"meta":{}},{"ancestorTitles":["Orders Mutations","updateOrderStatus"],"fullName":"Orders Mutations updateOrderStatus should throw error on database failure","status":"passed","title":"should throw error on database failure","duration":0.7114999999998872,"failureMessages":[],"meta":{}}],"startTime":1768483830342,"endTime":1768483830359.7114,"status":"passed","message":"","name":"C:/Users/ohyus/talent/src/__tests__/unit/lib/supabase/mutations/orders.test.ts"},{"assertionResults":[{"ancestorTitles":["Reviews Mutations","createReview"],"fullName":"Reviews Mutations createReview should create review and update order successfully","status":"passed","title":"should create review and update order successfully","duration":3.8133000000007087,"failureMessages":[],"meta":{}},{"ancestorTitles":["Reviews Mutations","createReview"],"fullName":"Reviews Mutations createReview should throw error on insert failure","status":"passed","title":"should throw error on insert failure","duration":3.6528000000007523,"failureMessages":[],"meta":{}},{"ancestorTitles":["Reviews Mutations","updateReview"],"fullName":"Reviews Mutations updateReview should update review successfully","status":"passed","title":"should update review successfully","duration":5.842299999999341,"failureMessages":[],"meta":{}},{"ancestorTitles":["Reviews Mutations","updateReview"],"fullName":"Reviews Mutations updateReview should throw error on update failure","status":"passed","title":"should throw error on update failure","duration":0.782799999999952,"failureMessages":[],"meta":{}},{"ancestorTitles":["Reviews Mutations","deleteReview"],"fullName":"Reviews Mutations deleteReview should delete review and remove from order successfully","status":"passed","title":"should delete review and remove from order successfully","duration":1.324399999999514,"failureMessages":[],"meta":{}},{"ancestorTitles":["Reviews Mutations","deleteReview"],"fullName":"Reviews Mutations deleteReview should throw error on delete failure","status":"passed","title":"should throw error on delete failure","duration":1.219000000000051,"failureMessages":[],"meta":{}},{"ancestorTitles":["Reviews Mutations","createReviewReply"],"fullName":"Reviews Mutations createReviewReply should add seller reply successfully","status":"passed","title":"should add seller reply successfully","duration":1.3335000000006403,"failureMessages":[],"meta":{}},{"ancestorTitles":["Reviews Mutations","createReviewReply"],"fullName":"Reviews Mutations createReviewReply should throw error on reply failure","status":"passed","title":"should throw error on reply failure","duration":0.8686999999999898,"failureMessages":[],"meta":{}}],"startTime":1768483896615,"endTime":1768483896634.8687,"status":"passed","message":"","name":"C:/Users/ohyus/talent/src/__tests__/unit/lib/supabase/mutations/reviews.test.ts"}]}